mode: set
github.com/JailtonJunior94/ai-spec-harness/internal/adapters/adapters.go:19.75,21.2 1 1
github.com/JailtonJunior94/ai-spec-harness/internal/adapters/adapters.go:86.66,91.41 4 1
github.com/JailtonJunior94/ai-spec-harness/internal/adapters/adapters.go:91.41,93.10 2 1
github.com/JailtonJunior94/ai-spec-harness/internal/adapters/adapters.go:93.10,94.12 1 0
github.com/JailtonJunior94/ai-spec-harness/internal/adapters/adapters.go:97.3,98.30 2 1
github.com/JailtonJunior94/ai-spec-harness/internal/adapters/adapters.go:98.30,99.12 1 1
github.com/JailtonJunior94/ai-spec-harness/internal/adapters/adapters.go:102.3,103.17 2 1
github.com/JailtonJunior94/ai-spec-harness/internal/adapters/adapters.go:103.17,104.12 1 0
github.com/JailtonJunior94/ai-spec-harness/internal/adapters/adapters.go:107.3,108.27 2 1
github.com/JailtonJunior94/ai-spec-harness/internal/adapters/adapters.go:108.27,109.12 1 0
github.com/JailtonJunior94/ai-spec-harness/internal/adapters/adapters.go:112.3,124.30 3 1
github.com/JailtonJunior94/ai-spec-harness/internal/adapters/adapters.go:124.30,126.4 1 1
github.com/JailtonJunior94/ai-spec-harness/internal/adapters/adapters.go:128.3,129.10 2 1
github.com/JailtonJunior94/ai-spec-harness/internal/adapters/adapters.go:131.2,131.58 1 1
github.com/JailtonJunior94/ai-spec-harness/internal/adapters/adapters.go:134.66,139.41 4 1
github.com/JailtonJunior94/ai-spec-harness/internal/adapters/adapters.go:139.41,141.10 2 1
github.com/JailtonJunior94/ai-spec-harness/internal/adapters/adapters.go:141.10,142.12 1 0
github.com/JailtonJunior94/ai-spec-harness/internal/adapters/adapters.go:145.3,146.30 2 1
github.com/JailtonJunior94/ai-spec-harness/internal/adapters/adapters.go:146.30,147.12 1 1
github.com/JailtonJunior94/ai-spec-harness/internal/adapters/adapters.go:150.3,151.17 2 1
github.com/JailtonJunior94/ai-spec-harness/internal/adapters/adapters.go:151.17,152.12 1 0
github.com/JailtonJunior94/ai-spec-harness/internal/adapters/adapters.go:155.3,156.27 2 1
github.com/JailtonJunior94/ai-spec-harness/internal/adapters/adapters.go:156.27,157.12 1 0
github.com/JailtonJunior94/ai-spec-harness/internal/adapters/adapters.go:160.3,170.30 3 1
github.com/JailtonJunior94/ai-spec-harness/internal/adapters/adapters.go:170.30,172.4 1 1
github.com/JailtonJunior94/ai-spec-harness/internal/adapters/adapters.go:174.3,175.10 2 1
github.com/JailtonJunior94/ai-spec-harness/internal/adapters/adapters.go:177.2,177.58 1 1
github.com/JailtonJunior94/ai-spec-harness/internal/adapters/adapters.go:182.72,187.41 4 1
github.com/JailtonJunior94/ai-spec-harness/internal/adapters/adapters.go:187.41,189.10 2 1
github.com/JailtonJunior94/ai-spec-harness/internal/adapters/adapters.go:189.10,190.12 1 0
github.com/JailtonJunior94/ai-spec-harness/internal/adapters/adapters.go:193.3,194.30 2 1
github.com/JailtonJunior94/ai-spec-harness/internal/adapters/adapters.go:194.30,195.12 1 1
github.com/JailtonJunior94/ai-spec-harness/internal/adapters/adapters.go:198.3,199.17 2 1
github.com/JailtonJunior94/ai-spec-harness/internal/adapters/adapters.go:199.17,200.12 1 0
github.com/JailtonJunior94/ai-spec-harness/internal/adapters/adapters.go:203.3,204.27 2 1
github.com/JailtonJunior94/ai-spec-harness/internal/adapters/adapters.go:204.27,205.12 1 0
github.com/JailtonJunior94/ai-spec-harness/internal/adapters/adapters.go:208.3,218.30 3 1
github.com/JailtonJunior94/ai-spec-harness/internal/adapters/adapters.go:218.30,220.4 1 1
github.com/JailtonJunior94/ai-spec-harness/internal/adapters/adapters.go:222.3,223.10 2 1
github.com/JailtonJunior94/ai-spec-harness/internal/adapters/adapters.go:225.2,225.65 1 1
github.com/JailtonJunior94/ai-spec-harness/internal/adapters/adapters.go:230.71,235.41 4 1
github.com/JailtonJunior94/ai-spec-harness/internal/adapters/adapters.go:235.41,237.10 2 1
github.com/JailtonJunior94/ai-spec-harness/internal/adapters/adapters.go:237.10,238.12 1 0
github.com/JailtonJunior94/ai-spec-harness/internal/adapters/adapters.go:241.3,242.30 2 1
github.com/JailtonJunior94/ai-spec-harness/internal/adapters/adapters.go:242.30,243.12 1 1
github.com/JailtonJunior94/ai-spec-harness/internal/adapters/adapters.go:246.3,247.17 2 1
github.com/JailtonJunior94/ai-spec-harness/internal/adapters/adapters.go:247.17,248.12 1 0
github.com/JailtonJunior94/ai-spec-harness/internal/adapters/adapters.go:251.3,252.27 2 1
github.com/JailtonJunior94/ai-spec-harness/internal/adapters/adapters.go:252.27,253.12 1 0
github.com/JailtonJunior94/ai-spec-harness/internal/adapters/adapters.go:256.3,260.30 3 1
github.com/JailtonJunior94/ai-spec-harness/internal/adapters/adapters.go:260.30,262.4 1 1
github.com/JailtonJunior94/ai-spec-harness/internal/adapters/adapters.go:264.3,277.10 3 1
github.com/JailtonJunior94/ai-spec-harness/internal/adapters/adapters.go:279.2,279.64 1 1
github.com/JailtonJunior94/ai-spec-harness/internal/adapters/adapters.go:288.66,295.16 6 1
github.com/JailtonJunior94/ai-spec-harness/internal/adapters/adapters.go:295.16,297.3 1 0
github.com/JailtonJunior94/ai-spec-harness/internal/adapters/adapters.go:299.2,299.32 1 1
github.com/JailtonJunior94/ai-spec-harness/internal/adapters/adapters.go:299.32,300.21 1 1
github.com/JailtonJunior94/ai-spec-harness/internal/adapters/adapters.go:300.21,301.12 1 0
github.com/JailtonJunior94/ai-spec-harness/internal/adapters/adapters.go:303.3,304.38 2 1
github.com/JailtonJunior94/ai-spec-harness/internal/adapters/adapters.go:304.38,305.12 1 1
github.com/JailtonJunior94/ai-spec-harness/internal/adapters/adapters.go:308.3,309.30 2 1
github.com/JailtonJunior94/ai-spec-harness/internal/adapters/adapters.go:309.30,310.12 1 0
github.com/JailtonJunior94/ai-spec-harness/internal/adapters/adapters.go:313.3,314.17 2 1
github.com/JailtonJunior94/ai-spec-harness/internal/adapters/adapters.go:314.17,315.12 1 0
github.com/JailtonJunior94/ai-spec-harness/internal/adapters/adapters.go:318.3,319.27 2 1
github.com/JailtonJunior94/ai-spec-harness/internal/adapters/adapters.go:319.27,320.12 1 0
github.com/JailtonJunior94/ai-spec-harness/internal/adapters/adapters.go:323.3,327.30 5 1
github.com/JailtonJunior94/ai-spec-harness/internal/adapters/adapters.go:327.30,329.4 1 1
github.com/JailtonJunior94/ai-spec-harness/internal/adapters/adapters.go:330.3,331.10 2 1
github.com/JailtonJunior94/ai-spec-harness/internal/adapters/adapters.go:333.2,333.55 1 1
github.com/JailtonJunior94/ai-spec-harness/internal/adapters/adapters.go:336.66,338.2 1 1
github.com/JailtonJunior94/ai-spec-harness/internal/adapters/adapters.go:340.75,344.63 3 1
github.com/JailtonJunior94/ai-spec-harness/internal/adapters/adapters.go:344.63,346.3 1 1
github.com/JailtonJunior94/ai-spec-harness/internal/adapters/adapters.go:348.2,351.34 3 1
github.com/JailtonJunior94/ai-spec-harness/internal/adapters/adapters.go:351.34,353.3 1 1
github.com/JailtonJunior94/ai-spec-harness/internal/adapters/adapters.go:355.2,356.20 2 1
github.com/JailtonJunior94/ai-spec-harness/internal/adapters/adapters.go:359.78,362.16 3 1
github.com/JailtonJunior94/ai-spec-harness/internal/adapters/adapters.go:362.16,364.3 1 0
github.com/JailtonJunior94/ai-spec-harness/internal/adapters/adapters.go:365.2,366.28 2 1
github.com/JailtonJunior94/ai-spec-harness/internal/adapters/adapters.go:366.28,367.55 1 1
github.com/JailtonJunior94/ai-spec-harness/internal/adapters/adapters.go:367.55,369.4 1 1
github.com/JailtonJunior94/ai-spec-harness/internal/adapters/adapters.go:371.2,371.14 1 1
github.com/JailtonJunior94/ai-spec-harness/internal/adapters/adapters.go:375.65,377.34 2 1
github.com/JailtonJunior94/ai-spec-harness/internal/adapters/adapters.go:377.34,379.3 1 1
github.com/JailtonJunior94/ai-spec-harness/internal/adapters/adapters.go:380.2,380.19 1 1
github.com/JailtonJunior94/ai-spec-harness/internal/adapters/adapters.go:383.67,384.61 1 1
github.com/JailtonJunior94/ai-spec-harness/internal/adapters/adapters.go:384.61,386.3 1 0
github.com/JailtonJunior94/ai-spec-harness/internal/adapters/adapters.go:387.2,387.21 1 1
github.com/JailtonJunior94/ai-spec-harness/internal/adapters/adapters.go:387.21,389.3 1 0
github.com/JailtonJunior94/ai-spec-harness/internal/adapters/adapters.go:390.2,390.10 1 1
github.com/JailtonJunior94/ai-spec-harness/internal/adapters/r1_receiver.go:6.26,6.46 1 1
github.com/JailtonJunior94/ai-spec-harness/internal/changelog/changelog.go:15.32,17.2 1 1
github.com/JailtonJunior94/ai-spec-harness/internal/changelog/changelog.go:45.86,47.28 2 1
github.com/JailtonJunior94/ai-spec-harness/internal/changelog/changelog.go:47.28,48.19 1 1
github.com/JailtonJunior94/ai-spec-harness/internal/changelog/changelog.go:48.19,49.12 1 1
github.com/JailtonJunior94/ai-spec-harness/internal/changelog/changelog.go:52.3,55.15 4 1
github.com/JailtonJunior94/ai-spec-harness/internal/changelog/changelog.go:55.15,57.55 2 1
github.com/JailtonJunior94/ai-spec-harness/internal/changelog/changelog.go:57.55,59.20 2 1
github.com/JailtonJunior94/ai-spec-harness/internal/changelog/changelog.go:59.20,61.6 1 1
github.com/JailtonJunior94/ai-spec-harness/internal/changelog/changelog.go:64.3,71.49 2 1
github.com/JailtonJunior94/ai-spec-harness/internal/changelog/changelog.go:73.2,73.15 1 1
github.com/JailtonJunior94/ai-spec-harness/internal/changelog/changelog.go:76.51,77.20 1 1
github.com/JailtonJunior94/ai-spec-harness/internal/changelog/changelog.go:77.20,79.3 1 1
github.com/JailtonJunior94/ai-spec-harness/internal/changelog/changelog.go:80.2,80.13 1 0
github.com/JailtonJunior94/ai-spec-harness/internal/changelog/changelog.go:84.100,91.33 4 1
github.com/JailtonJunior94/ai-spec-harness/internal/changelog/changelog.go:91.33,92.29 1 1
github.com/JailtonJunior94/ai-spec-harness/internal/changelog/changelog.go:92.29,93.18 1 1
github.com/JailtonJunior94/ai-spec-harness/internal/changelog/changelog.go:93.18,95.5 1 1
github.com/JailtonJunior94/ai-spec-harness/internal/changelog/changelog.go:100.2,100.31 1 1
github.com/JailtonJunior94/ai-spec-harness/internal/changelog/changelog.go:100.31,102.31 2 1
github.com/JailtonJunior94/ai-spec-harness/internal/changelog/changelog.go:102.31,103.12 1 1
github.com/JailtonJunior94/ai-spec-harness/internal/changelog/changelog.go:105.3,106.10 2 1
github.com/JailtonJunior94/ai-spec-harness/internal/changelog/changelog.go:106.10,108.4 1 0
github.com/JailtonJunior94/ai-spec-harness/internal/changelog/changelog.go:109.3,110.29 2 1
github.com/JailtonJunior94/ai-spec-harness/internal/changelog/changelog.go:110.29,111.18 1 1
github.com/JailtonJunior94/ai-spec-harness/internal/changelog/changelog.go:111.18,112.13 1 1
github.com/JailtonJunior94/ai-spec-harness/internal/changelog/changelog.go:114.4,114.35 1 1
github.com/JailtonJunior94/ai-spec-harness/internal/changelog/changelog.go:118.2,118.23 1 1
github.com/JailtonJunior94/ai-spec-harness/internal/changelog/changelog.go:118.23,120.30 2 1
github.com/JailtonJunior94/ai-spec-harness/internal/changelog/changelog.go:120.30,122.4 1 1
github.com/JailtonJunior94/ai-spec-harness/internal/changelog/changelog.go:125.2,126.20 2 1
github.com/JailtonJunior94/ai-spec-harness/internal/changelog/changelog.go:129.57,130.19 1 1
github.com/JailtonJunior94/ai-spec-harness/internal/changelog/changelog.go:130.19,132.3 1 1
github.com/JailtonJunior94/ai-spec-harness/internal/changelog/changelog.go:133.2,133.58 1 1
github.com/JailtonJunior94/ai-spec-harness/internal/changelog/changelog.go:140.72,143.16 3 1
github.com/JailtonJunior94/ai-spec-harness/internal/changelog/changelog.go:143.16,145.3 1 1
github.com/JailtonJunior94/ai-spec-harness/internal/changelog/changelog.go:147.2,148.20 2 1
github.com/JailtonJunior94/ai-spec-harness/internal/changelog/changelog.go:148.20,150.3 1 1
github.com/JailtonJunior94/ai-spec-harness/internal/changelog/changelog.go:150.8,150.58 1 1
github.com/JailtonJunior94/ai-spec-harness/internal/changelog/changelog.go:150.58,153.3 2 1
github.com/JailtonJunior94/ai-spec-harness/internal/changelog/changelog.go:153.8,156.3 1 0
github.com/JailtonJunior94/ai-spec-harness/internal/changelog/changelog.go:158.2,158.53 1 1
github.com/JailtonJunior94/ai-spec-harness/internal/changelog/changelog.go:162.97,165.16 3 0
github.com/JailtonJunior94/ai-spec-harness/internal/changelog/changelog.go:165.16,167.3 1 0
github.com/JailtonJunior94/ai-spec-harness/internal/changelog/changelog.go:169.2,170.16 2 0
github.com/JailtonJunior94/ai-spec-harness/internal/changelog/changelog.go:170.16,172.3 1 0
github.com/JailtonJunior94/ai-spec-harness/internal/changelog/changelog.go:174.2,176.21 3 0
github.com/JailtonJunior94/ai-spec-harness/internal/bugschema/validator.go:16.32,18.2 1 1
github.com/JailtonJunior94/ai-spec-harness/internal/bugschema/validator.go:24.65,26.16 2 1
github.com/JailtonJunior94/ai-spec-harness/internal/bugschema/validator.go:26.16,28.3 1 1
github.com/JailtonJunior94/ai-spec-harness/internal/bugschema/validator.go:30.2,31.16 2 1
github.com/JailtonJunior94/ai-spec-harness/internal/bugschema/validator.go:31.16,33.3 1 1
github.com/JailtonJunior94/ai-spec-harness/internal/bugschema/validator.go:35.2,36.68 2 1
github.com/JailtonJunior94/ai-spec-harness/internal/bugschema/validator.go:36.68,38.3 1 0
github.com/JailtonJunior94/ai-spec-harness/internal/bugschema/validator.go:40.2,41.16 2 1
github.com/JailtonJunior94/ai-spec-harness/internal/bugschema/validator.go:41.16,43.3 1 1
github.com/JailtonJunior94/ai-spec-harness/internal/bugschema/validator.go:45.2,46.16 2 1
github.com/JailtonJunior94/ai-spec-harness/internal/bugschema/validator.go:46.16,48.3 1 1
github.com/JailtonJunior94/ai-spec-harness/internal/bugschema/validator.go:50.2,51.16 2 1
github.com/JailtonJunior94/ai-spec-harness/internal/bugschema/validator.go:51.16,53.3 1 0
github.com/JailtonJunior94/ai-spec-harness/internal/bugschema/validator.go:55.2,55.49 1 1
github.com/JailtonJunior94/ai-spec-harness/internal/bugschema/validator.go:55.49,57.3 1 1
github.com/JailtonJunior94/ai-spec-harness/internal/bugschema/validator.go:59.2,59.12 1 1
github.com/JailtonJunior94/ai-spec-harness/internal/bugschema/validator.go:62.61,64.45 2 1
github.com/JailtonJunior94/ai-spec-harness/internal/bugschema/validator.go:64.45,66.3 1 1
github.com/JailtonJunior94/ai-spec-harness/internal/bugschema/validator.go:67.2,68.56 2 0
github.com/JailtonJunior94/ai-spec-harness/internal/bugschema/validator.go:68.56,70.17 2 0
github.com/JailtonJunior94/ai-spec-harness/internal/bugschema/validator.go:70.17,72.4 1 0
github.com/JailtonJunior94/ai-spec-harness/internal/bugschema/validator.go:74.2,74.33 1 0
github.com/JailtonJunior94/ai-spec-harness/internal/bugschema/validator.go:77.92,78.53 1 1
github.com/JailtonJunior94/ai-spec-harness/internal/bugschema/validator.go:78.53,81.3 2 1
github.com/JailtonJunior94/ai-spec-harness/internal/bugschema/validator.go:82.2,82.14 1 0
github.com/JailtonJunior94/ai-spec-harness/internal/agents/agent.go:14.32,15.11 1 1
github.com/JailtonJunior94/ai-spec-harness/internal/agents/agent.go:16.22,17.21 1 1
github.com/JailtonJunior94/ai-spec-harness/internal/agents/agent.go:18.10,19.18 1 1
github.com/JailtonJunior94/ai-spec-harness/internal/agents/discovery.go:24.105,26.29 2 1
github.com/JailtonJunior94/ai-spec-harness/internal/agents/discovery.go:26.29,28.3 1 1
github.com/JailtonJunior94/ai-spec-harness/internal/agents/discovery.go:30.2,31.16 2 1
github.com/JailtonJunior94/ai-spec-harness/internal/agents/discovery.go:31.16,33.3 1 0
github.com/JailtonJunior94/ai-spec-harness/internal/agents/discovery.go:35.2,38.32 3 1
github.com/JailtonJunior94/ai-spec-harness/internal/agents/discovery.go:38.32,39.21 1 1
github.com/JailtonJunior94/ai-spec-harness/internal/agents/discovery.go:39.21,40.12 1 0
github.com/JailtonJunior94/ai-spec-harness/internal/agents/discovery.go:43.3,46.30 3 1
github.com/JailtonJunior94/ai-spec-harness/internal/agents/discovery.go:46.30,47.12 1 0
github.com/JailtonJunior94/ai-spec-harness/internal/agents/discovery.go:50.3,51.17 2 1
github.com/JailtonJunior94/ai-spec-harness/internal/agents/discovery.go:51.17,55.12 3 0
github.com/JailtonJunior94/ai-spec-harness/internal/agents/discovery.go:58.3,59.17 2 1
github.com/JailtonJunior94/ai-spec-harness/internal/agents/discovery.go:59.17,63.12 3 1
github.com/JailtonJunior94/ai-spec-harness/internal/agents/discovery.go:66.3,68.33 3 1
github.com/JailtonJunior94/ai-spec-harness/internal/agents/discovery.go:72.2,72.41 1 1
github.com/JailtonJunior94/ai-spec-harness/internal/agents/discovery.go:72.41,74.3 1 1
github.com/JailtonJunior94/ai-spec-harness/internal/agents/discovery.go:77.2,77.19 1 1
github.com/JailtonJunior94/ai-spec-harness/internal/agents/discovery.go:77.19,81.3 1 1
github.com/JailtonJunior94/ai-spec-harness/internal/agents/discovery.go:83.2,83.20 1 1
github.com/JailtonJunior94/ai-spec-harness/internal/agents/discovery.go:90.108,93.30 2 1
github.com/JailtonJunior94/ai-spec-harness/internal/agents/discovery.go:93.30,95.3 1 1
github.com/JailtonJunior94/ai-spec-harness/internal/agents/discovery.go:97.2,100.27 2 1
github.com/JailtonJunior94/ai-spec-harness/internal/agents/discovery.go:100.27,101.57 1 1
github.com/JailtonJunior94/ai-spec-harness/internal/agents/discovery.go:101.57,104.4 2 1
github.com/JailtonJunior94/ai-spec-harness/internal/agents/discovery.go:104.9,106.4 1 1
github.com/JailtonJunior94/ai-spec-harness/internal/agents/discovery.go:110.2,113.41 2 1
github.com/JailtonJunior94/ai-spec-harness/internal/agents/discovery.go:113.41,115.3 1 1
github.com/JailtonJunior94/ai-spec-harness/internal/agents/discovery.go:117.2,117.25 1 1
github.com/JailtonJunior94/ai-spec-harness/internal/agents/precedence.go:29.90,31.2 1 0
github.com/JailtonJunior94/ai-spec-harness/internal/agents/precedence.go:38.90,39.44 1 1
github.com/JailtonJunior94/ai-spec-harness/internal/agents/precedence.go:39.44,41.3 1 1
github.com/JailtonJunior94/ai-spec-harness/internal/agents/precedence.go:42.2,42.48 1 1
github.com/JailtonJunior94/ai-spec-harness/internal/agents/precedence.go:42.48,44.3 1 1
github.com/JailtonJunior94/ai-spec-harness/internal/agents/precedence.go:45.2,45.68 1 1
github.com/JailtonJunior94/ai-spec-harness/internal/agents/precedence.go:45.68,47.3 1 1
github.com/JailtonJunior94/ai-spec-harness/internal/agents/precedence.go:48.2,48.58 1 1
github.com/JailtonJunior94/ai-spec-harness/internal/agents/precedence.go:48.58,50.3 1 1
github.com/JailtonJunior94/ai-spec-harness/internal/agents/prompt.go:18.115,22.2 3 1
github.com/JailtonJunior94/ai-spec-harness/internal/agents/prompt.go:26.67,27.18 1 1
github.com/JailtonJunior94/ai-spec-harness/internal/agents/prompt.go:27.18,29.3 1 1
github.com/JailtonJunior94/ai-spec-harness/internal/agents/prompt.go:30.2,38.20 8 1
github.com/JailtonJunior94/ai-spec-harness/internal/agents/prompt.go:43.63,45.18 2 1
github.com/JailtonJunior94/ai-spec-harness/internal/agents/prompt.go:45.18,47.3 1 1
github.com/JailtonJunior94/ai-spec-harness/internal/agents/prompt.go:48.2,48.20 1 1
github.com/JailtonJunior94/ai-spec-harness/internal/agents/prompt.go:48.20,50.3 1 1
github.com/JailtonJunior94/ai-spec-harness/internal/agents/prompt.go:51.2,51.30 1 1
github.com/JailtonJunior94/ai-spec-harness/internal/agents/prompt.go:51.30,53.3 1 0
github.com/JailtonJunior94/ai-spec-harness/internal/agents/prompt.go:54.2,54.25 1 1
github.com/JailtonJunior94/ai-spec-harness/internal/agents/prompt.go:54.25,56.3 1 0
github.com/JailtonJunior94/ai-spec-harness/internal/agents/prompt.go:57.2,57.21 1 1
github.com/JailtonJunior94/ai-spec-harness/internal/agents/prompt.go:57.21,59.3 1 1
github.com/JailtonJunior94/ai-spec-harness/internal/agents/prompt.go:60.2,60.35 1 1
github.com/JailtonJunior94/ai-spec-harness/internal/agents/prompt.go:65.92,71.42 3 1
github.com/JailtonJunior94/ai-spec-harness/internal/agents/prompt.go:71.42,73.3 1 1
github.com/JailtonJunior94/ai-spec-harness/internal/agents/prompt.go:76.2,76.34 1 1
github.com/JailtonJunior94/ai-spec-harness/internal/agents/prompt.go:76.34,78.3 1 1
github.com/JailtonJunior94/ai-spec-harness/internal/agents/prompt.go:80.2,82.28 3 1
github.com/JailtonJunior94/ai-spec-harness/internal/agents/prompt.go:82.28,84.45 2 1
github.com/JailtonJunior94/ai-spec-harness/internal/agents/prompt.go:84.45,86.4 1 1
github.com/JailtonJunior94/ai-spec-harness/internal/agents/prompt.go:87.3,87.35 1 1
github.com/JailtonJunior94/ai-spec-harness/internal/agents/prompt.go:87.35,89.4 1 1
github.com/JailtonJunior94/ai-spec-harness/internal/agents/prompt.go:90.3,91.21 2 1
github.com/JailtonJunior94/ai-spec-harness/internal/agents/prompt.go:93.2,93.20 1 1
github.com/JailtonJunior94/ai-spec-harness/internal/agents/r1_catalog.go:6.28,8.2 1 1
github.com/JailtonJunior94/ai-spec-harness/internal/agents/registry.go:38.76,44.2 1 1
github.com/JailtonJunior94/ai-spec-harness/internal/agents/registry.go:48.34,49.19 1 1
github.com/JailtonJunior94/ai-spec-harness/internal/agents/registry.go:49.19,54.33 3 1
github.com/JailtonJunior94/ai-spec-harness/internal/agents/registry.go:54.33,56.19 2 0
github.com/JailtonJunior94/ai-spec-harness/internal/agents/registry.go:56.19,58.5 1 0
github.com/JailtonJunior94/ai-spec-harness/internal/agents/registry.go:59.4,59.19 1 0
github.com/JailtonJunior94/ai-spec-harness/internal/agents/registry.go:59.19,61.5 1 0
github.com/JailtonJunior94/ai-spec-harness/internal/agents/registry.go:62.4,62.81 1 0
github.com/JailtonJunior94/ai-spec-harness/internal/agents/registry.go:65.3,66.20 2 1
github.com/JailtonJunior94/ai-spec-harness/internal/agents/registry.go:72.80,74.24 2 1
github.com/JailtonJunior94/ai-spec-harness/internal/agents/registry.go:74.24,77.3 1 0
github.com/JailtonJunior94/ai-spec-harness/internal/agents/registry.go:78.2,78.22 1 1
github.com/JailtonJunior94/ai-spec-harness/internal/agents/registry.go:83.71,86.29 2 1
github.com/JailtonJunior94/ai-spec-harness/internal/agents/registry.go:86.29,87.21 1 1
github.com/JailtonJunior94/ai-spec-harness/internal/agents/registry.go:87.21,89.4 1 1
github.com/JailtonJunior94/ai-spec-harness/internal/agents/registry.go:93.2,94.29 2 1
github.com/JailtonJunior94/ai-spec-harness/internal/agents/registry.go:94.29,96.3 1 1
github.com/JailtonJunior94/ai-spec-harness/internal/agents/registry.go:98.2,98.26 1 1
github.com/JailtonJunior94/ai-spec-harness/internal/agents/registry.go:98.26,100.3 1 1
github.com/JailtonJunior94/ai-spec-harness/internal/agents/registry.go:102.2,102.135 1 1
github.com/JailtonJunior94/ai-spec-harness/internal/agents/schema.go:23.86,25.16 2 1
github.com/JailtonJunior94/ai-spec-harness/internal/agents/schema.go:25.16,27.3 1 0
github.com/JailtonJunior94/ai-spec-harness/internal/agents/schema.go:28.2,29.84 2 1
github.com/JailtonJunior94/ai-spec-harness/internal/agents/schema.go:29.84,31.3 1 0
github.com/JailtonJunior94/ai-spec-harness/internal/agents/schema.go:32.2,33.16 2 1
github.com/JailtonJunior94/ai-spec-harness/internal/agents/schema.go:33.16,35.3 1 0
github.com/JailtonJunior94/ai-spec-harness/internal/agents/schema.go:36.2,36.20 1 1
github.com/JailtonJunior94/ai-spec-harness/internal/agents/schema.go:57.99,70.39 3 1
github.com/JailtonJunior94/ai-spec-harness/internal/agents/schema.go:70.39,77.3 1 1
github.com/JailtonJunior94/ai-spec-harness/internal/agents/schema.go:79.2,80.16 2 1
github.com/JailtonJunior94/ai-spec-harness/internal/agents/schema.go:80.16,82.3 1 0
github.com/JailtonJunior94/ai-spec-harness/internal/agents/schema.go:84.2,85.16 2 1
github.com/JailtonJunior94/ai-spec-harness/internal/agents/schema.go:85.16,87.3 1 0
github.com/JailtonJunior94/ai-spec-harness/internal/agents/schema.go:89.2,90.16 2 1
github.com/JailtonJunior94/ai-spec-harness/internal/agents/schema.go:90.16,92.3 1 0
github.com/JailtonJunior94/ai-spec-harness/internal/agents/schema.go:94.2,94.49 1 1
github.com/JailtonJunior94/ai-spec-harness/internal/agents/schema.go:94.49,96.3 1 1
github.com/JailtonJunior94/ai-spec-harness/internal/agents/schema.go:99.2,99.60 1 1
github.com/JailtonJunior94/ai-spec-harness/internal/agents/schema.go:99.60,102.3 1 1
github.com/JailtonJunior94/ai-spec-harness/internal/agents/schema.go:104.2,113.24 2 1
github.com/JailtonJunior94/ai-spec-harness/internal/agents/schema.go:113.24,120.3 1 1
github.com/JailtonJunior94/ai-spec-harness/internal/agents/schema.go:122.2,122.19 1 1
github.com/JailtonJunior94/ai-spec-harness/internal/agents/schema.go:126.60,131.29 5 1
github.com/JailtonJunior94/ai-spec-harness/internal/agents/schema.go:131.29,132.39 1 1
github.com/JailtonJunior94/ai-spec-harness/internal/agents/schema.go:132.39,134.18 2 1
github.com/JailtonJunior94/ai-spec-harness/internal/agents/schema.go:134.18,136.10 2 1
github.com/JailtonJunior94/ai-spec-harness/internal/agents/schema.go:140.2,140.46 1 1
github.com/JailtonJunior94/ai-spec-harness/internal/agents/schema.go:140.46,142.3 1 0
github.com/JailtonJunior94/ai-spec-harness/internal/agents/schema.go:143.2,143.65 1 1
github.com/JailtonJunior94/ai-spec-harness/internal/agents/schema.go:146.60,147.53 1 1
github.com/JailtonJunior94/ai-spec-harness/internal/agents/schema.go:147.53,149.3 1 1
github.com/JailtonJunior94/ai-spec-harness/internal/agents/schema.go:150.2,151.56 2 0
github.com/JailtonJunior94/ai-spec-harness/internal/agents/schema.go:151.56,153.17 2 0
github.com/JailtonJunior94/ai-spec-harness/internal/agents/schema.go:153.17,155.4 1 0
github.com/JailtonJunior94/ai-spec-harness/internal/agents/schema.go:157.2,157.33 1 0
github.com/JailtonJunior94/ai-spec-harness/internal/config/config.go:17.42,17.58 1 1
github.com/JailtonJunior94/ai-spec-harness/internal/config/resolver.go:47.44,52.33 2 1
github.com/JailtonJunior94/ai-spec-harness/internal/config/resolver.go:52.33,55.4 2 1
github.com/JailtonJunior94/ai-spec-harness/internal/config/resolver.go:61.83,65.21 2 1
github.com/JailtonJunior94/ai-spec-harness/internal/config/resolver.go:65.21,68.17 3 1
github.com/JailtonJunior94/ai-spec-harness/internal/config/resolver.go:68.17,70.4 1 1
github.com/JailtonJunior94/ai-spec-harness/internal/config/resolver.go:71.3,71.23 1 1
github.com/JailtonJunior94/ai-spec-harness/internal/config/resolver.go:71.23,73.4 1 1
github.com/JailtonJunior94/ai-spec-harness/internal/config/resolver.go:77.2,77.15 1 1
github.com/JailtonJunior94/ai-spec-harness/internal/config/resolver.go:77.15,79.17 2 1
github.com/JailtonJunior94/ai-spec-harness/internal/config/resolver.go:79.17,81.4 1 0
github.com/JailtonJunior94/ai-spec-harness/internal/config/resolver.go:82.3,82.21 1 1
github.com/JailtonJunior94/ai-spec-harness/internal/config/resolver.go:82.21,84.18 2 1
github.com/JailtonJunior94/ai-spec-harness/internal/config/resolver.go:84.18,86.5 1 1
github.com/JailtonJunior94/ai-spec-harness/internal/config/resolver.go:87.4,87.22 1 1
github.com/JailtonJunior94/ai-spec-harness/internal/config/resolver.go:87.22,89.5 1 1
github.com/JailtonJunior94/ai-spec-harness/internal/config/resolver.go:94.2,96.20 2 1
github.com/JailtonJunior94/ai-spec-harness/internal/config/resolver.go:102.67,104.16 2 1
github.com/JailtonJunior94/ai-spec-harness/internal/config/resolver.go:104.16,105.25 1 1
github.com/JailtonJunior94/ai-spec-harness/internal/config/resolver.go:105.25,107.4 1 1
github.com/JailtonJunior94/ai-spec-harness/internal/config/resolver.go:108.3,109.49 2 0
github.com/JailtonJunior94/ai-spec-harness/internal/config/resolver.go:111.2,112.51 2 1
github.com/JailtonJunior94/ai-spec-harness/internal/config/resolver.go:112.51,114.3 1 1
github.com/JailtonJunior94/ai-spec-harness/internal/config/resolver.go:115.2,115.18 1 1
github.com/JailtonJunior94/ai-spec-harness/internal/config/resolver.go:122.73,124.16 2 1
github.com/JailtonJunior94/ai-spec-harness/internal/config/resolver.go:124.16,126.3 1 0
github.com/JailtonJunior94/ai-spec-harness/internal/config/resolver.go:128.2,129.6 2 1
github.com/JailtonJunior94/ai-spec-harness/internal/config/resolver.go:129.6,131.47 1 1
github.com/JailtonJunior94/ai-spec-harness/internal/config/resolver.go:131.47,134.18 3 1
github.com/JailtonJunior94/ai-spec-harness/internal/config/resolver.go:134.18,137.5 2 1
github.com/JailtonJunior94/ai-spec-harness/internal/config/resolver.go:138.4,138.27 1 1
github.com/JailtonJunior94/ai-spec-harness/internal/config/resolver.go:138.27,140.5 1 0
github.com/JailtonJunior94/ai-spec-harness/internal/config/resolver.go:145.3,145.42 1 1
github.com/JailtonJunior94/ai-spec-harness/internal/config/resolver.go:145.42,147.27 2 1
github.com/JailtonJunior94/ai-spec-harness/internal/config/resolver.go:147.27,149.5 1 1
github.com/JailtonJunior94/ai-spec-harness/internal/config/resolver.go:153.3,154.24 2 1
github.com/JailtonJunior94/ai-spec-harness/internal/config/resolver.go:154.24,156.9 1 1
github.com/JailtonJunior94/ai-spec-harness/internal/config/resolver.go:158.3,158.19 1 1
github.com/JailtonJunior94/ai-spec-harness/internal/config/resolver.go:161.2,161.16 1 1
github.com/JailtonJunior94/ai-spec-harness/internal/config/resolver.go:166.64,167.25 1 1
github.com/JailtonJunior94/ai-spec-harness/internal/config/resolver.go:167.25,169.3 1 1
github.com/JailtonJunior94/ai-spec-harness/internal/config/resolver.go:170.2,170.25 1 1
github.com/JailtonJunior94/ai-spec-harness/internal/config/resolver.go:170.25,172.3 1 1
github.com/JailtonJunior94/ai-spec-harness/internal/config/resolver.go:173.2,173.27 1 1
github.com/JailtonJunior94/ai-spec-harness/internal/config/resolver.go:173.27,175.3 1 1
github.com/JailtonJunior94/ai-spec-harness/internal/config/resolver.go:176.2,176.32 1 1
github.com/JailtonJunior94/ai-spec-harness/internal/config/resolver.go:176.32,178.3 1 1
github.com/JailtonJunior94/ai-spec-harness/internal/config/resolver.go:179.2,179.31 1 1
github.com/JailtonJunior94/ai-spec-harness/internal/config/resolver.go:179.31,181.3 1 0
github.com/JailtonJunior94/ai-spec-harness/internal/config/resolver.go:182.2,182.23 1 1
github.com/JailtonJunior94/ai-spec-harness/internal/config/resolver.go:182.23,184.3 1 1
github.com/JailtonJunior94/ai-spec-harness/internal/config/resolver.go:185.2,185.25 1 1
github.com/JailtonJunior94/ai-spec-harness/internal/config/resolver.go:185.25,187.3 1 1
github.com/JailtonJunior94/ai-spec-harness/internal/config/resolver.go:188.2,188.37 1 1
github.com/JailtonJunior94/ai-spec-harness/internal/config/resolver.go:188.37,190.3 1 1
github.com/JailtonJunior94/ai-spec-harness/internal/config/resolver.go:191.2,191.25 1 1
github.com/JailtonJunior94/ai-spec-harness/internal/config/resolver.go:191.25,193.3 1 1
github.com/JailtonJunior94/ai-spec-harness/internal/config/resolver.go:194.2,194.24 1 1
github.com/JailtonJunior94/ai-spec-harness/internal/config/resolver.go:194.24,196.3 1 1
github.com/JailtonJunior94/ai-spec-harness/internal/config/resolver.go:197.2,197.27 1 1
github.com/JailtonJunior94/ai-spec-harness/internal/config/resolver.go:197.27,199.3 1 1
github.com/JailtonJunior94/ai-spec-harness/internal/config/runtime.go:37.44,39.2 1 1
github.com/JailtonJunior94/ai-spec-harness/internal/config/runtime.go:42.52,50.2 1 1
github.com/JailtonJunior94/ai-spec-harness/internal/config/runtime.go:56.73,60.2 3 1
github.com/JailtonJunior94/ai-spec-harness/internal/config/runtime.go:65.46,73.2 1 1
github.com/JailtonJunior94/ai-spec-harness/internal/evidence/evidence.go:31.87,35.14 3 1
github.com/JailtonJunior94/ai-spec-harness/internal/evidence/evidence.go:36.16,37.47 1 1
github.com/JailtonJunior94/ai-spec-harness/internal/evidence/evidence.go:38.18,39.56 1 1
github.com/JailtonJunior94/ai-spec-harness/internal/evidence/evidence.go:40.20,41.51 1 1
github.com/JailtonJunior94/ai-spec-harness/internal/evidence/evidence.go:44.2,48.3 1 1
github.com/JailtonJunior94/ai-spec-harness/internal/evidence/evidence.go:51.60,53.29 2 1
github.com/JailtonJunior94/ai-spec-harness/internal/evidence/evidence.go:53.29,56.42 3 1
github.com/JailtonJunior94/ai-spec-harness/internal/evidence/evidence.go:56.42,58.4 1 1
github.com/JailtonJunior94/ai-spec-harness/internal/evidence/evidence.go:60.3,60.75 1 1
github.com/JailtonJunior94/ai-spec-harness/internal/evidence/evidence.go:60.75,62.4 1 1
github.com/JailtonJunior94/ai-spec-harness/internal/evidence/evidence.go:64.2,64.14 1 1
github.com/JailtonJunior94/ai-spec-harness/internal/evidence/evidence.go:67.62,70.2 2 1
github.com/JailtonJunior94/ai-spec-harness/internal/evidence/evidence.go:72.58,87.37 3 1
github.com/JailtonJunior94/ai-spec-harness/internal/evidence/evidence.go:87.37,88.50 1 1
github.com/JailtonJunior94/ai-spec-harness/internal/evidence/evidence.go:88.50,90.4 1 1
github.com/JailtonJunior94/ai-spec-harness/internal/evidence/evidence.go:93.2,105.37 2 1
github.com/JailtonJunior94/ai-spec-harness/internal/evidence/evidence.go:105.37,106.52 1 1
github.com/JailtonJunior94/ai-spec-harness/internal/evidence/evidence.go:106.52,108.4 1 1
github.com/JailtonJunior94/ai-spec-harness/internal/evidence/evidence.go:112.2,112.46 1 1
github.com/JailtonJunior94/ai-spec-harness/internal/evidence/evidence.go:112.46,113.59 1 1
github.com/JailtonJunior94/ai-spec-harness/internal/evidence/evidence.go:113.59,115.4 1 1
github.com/JailtonJunior94/ai-spec-harness/internal/evidence/evidence.go:118.2,118.17 1 1
github.com/JailtonJunior94/ai-spec-harness/internal/evidence/evidence.go:121.76,133.37 3 1
github.com/JailtonJunior94/ai-spec-harness/internal/evidence/evidence.go:133.37,134.50 1 1
github.com/JailtonJunior94/ai-spec-harness/internal/evidence/evidence.go:134.50,136.4 1 1
github.com/JailtonJunior94/ai-spec-harness/internal/evidence/evidence.go:139.2,151.37 2 1
github.com/JailtonJunior94/ai-spec-harness/internal/evidence/evidence.go:151.37,152.52 1 1
github.com/JailtonJunior94/ai-spec-harness/internal/evidence/evidence.go:152.52,154.4 1 1
github.com/JailtonJunior94/ai-spec-harness/internal/evidence/evidence.go:158.2,158.27 1 1
github.com/JailtonJunior94/ai-spec-harness/internal/evidence/evidence.go:158.27,159.34 1 1
github.com/JailtonJunior94/ai-spec-harness/internal/evidence/evidence.go:159.34,161.4 1 1
github.com/JailtonJunior94/ai-spec-harness/internal/evidence/evidence.go:164.2,164.17 1 1
github.com/JailtonJunior94/ai-spec-harness/internal/evidence/evidence.go:167.62,182.37 3 1
github.com/JailtonJunior94/ai-spec-harness/internal/evidence/evidence.go:182.37,183.50 1 1
github.com/JailtonJunior94/ai-spec-harness/internal/evidence/evidence.go:183.50,185.4 1 1
github.com/JailtonJunior94/ai-spec-harness/internal/evidence/evidence.go:188.2,198.37 2 1
github.com/JailtonJunior94/ai-spec-harness/internal/evidence/evidence.go:198.37,199.52 1 1
github.com/JailtonJunior94/ai-spec-harness/internal/evidence/evidence.go:199.52,201.4 1 1
github.com/JailtonJunior94/ai-spec-harness/internal/evidence/evidence.go:205.2,205.60 1 1
github.com/JailtonJunior94/ai-spec-harness/internal/evidence/evidence.go:205.60,206.121 1 1
github.com/JailtonJunior94/ai-spec-harness/internal/evidence/evidence.go:206.121,208.4 1 1
github.com/JailtonJunior94/ai-spec-harness/internal/evidence/evidence.go:211.2,211.17 1 1
github.com/JailtonJunior94/ai-spec-harness/internal/evidence/r1_receiver.go:6.32,6.55 1 1
github.com/JailtonJunior94/ai-spec-harness/internal/fs/fake.go:20.42,27.2 1 1
github.com/JailtonJunior94/ai-spec-harness/internal/fs/fake.go:29.54,33.2 3 1
github.com/JailtonJunior94/ai-spec-harness/internal/fs/fake.go:35.58,38.9 3 1
github.com/JailtonJunior94/ai-spec-harness/internal/fs/fake.go:38.9,40.3 1 1
github.com/JailtonJunior94/ai-spec-harness/internal/fs/fake.go:41.2,42.12 2 1
github.com/JailtonJunior94/ai-spec-harness/internal/fs/fake.go:45.57,49.34 4 1
github.com/JailtonJunior94/ai-spec-harness/internal/fs/fake.go:49.34,50.47 1 1
github.com/JailtonJunior94/ai-spec-harness/internal/fs/fake.go:50.47,54.4 3 1
github.com/JailtonJunior94/ai-spec-harness/internal/fs/fake.go:56.2,56.12 1 1
github.com/JailtonJunior94/ai-spec-harness/internal/fs/fake.go:59.61,62.2 2 1
github.com/JailtonJunior94/ai-spec-harness/internal/fs/fake.go:64.52,68.2 3 1
github.com/JailtonJunior94/ai-spec-harness/internal/fs/fake.go:70.55,72.28 2 1
github.com/JailtonJunior94/ai-spec-harness/internal/fs/fake.go:72.28,74.3 1 1
github.com/JailtonJunior94/ai-spec-harness/internal/fs/fake.go:75.2,76.25 2 1
github.com/JailtonJunior94/ai-spec-harness/internal/fs/fake.go:76.25,77.58 1 1
github.com/JailtonJunior94/ai-spec-harness/internal/fs/fake.go:77.58,79.4 1 1
github.com/JailtonJunior94/ai-spec-harness/internal/fs/fake.go:81.2,81.25 1 1
github.com/JailtonJunior94/ai-spec-harness/internal/fs/fake.go:81.25,82.58 1 0
github.com/JailtonJunior94/ai-spec-harness/internal/fs/fake.go:82.58,84.4 1 0
github.com/JailtonJunior94/ai-spec-harness/internal/fs/fake.go:86.2,86.12 1 1
github.com/JailtonJunior94/ai-spec-harness/internal/fs/fake.go:89.51,90.32 1 1
github.com/JailtonJunior94/ai-spec-harness/internal/fs/fake.go:90.32,92.3 1 0
github.com/JailtonJunior94/ai-spec-harness/internal/fs/fake.go:93.2,94.36 2 1
github.com/JailtonJunior94/ai-spec-harness/internal/fs/fake.go:94.36,96.3 1 1
github.com/JailtonJunior94/ai-spec-harness/internal/fs/fake.go:97.2,97.35 1 1
github.com/JailtonJunior94/ai-spec-harness/internal/fs/fake.go:97.35,99.3 1 1
github.com/JailtonJunior94/ai-spec-harness/internal/fs/fake.go:101.2,101.25 1 1
github.com/JailtonJunior94/ai-spec-harness/internal/fs/fake.go:101.25,102.41 1 0
github.com/JailtonJunior94/ai-spec-harness/internal/fs/fake.go:102.41,104.4 1 0
github.com/JailtonJunior94/ai-spec-harness/internal/fs/fake.go:106.2,106.14 1 1
github.com/JailtonJunior94/ai-spec-harness/internal/fs/fake.go:109.50,111.22 2 1
github.com/JailtonJunior94/ai-spec-harness/internal/fs/fake.go:111.22,113.3 1 1
github.com/JailtonJunior94/ai-spec-harness/internal/fs/fake.go:114.2,114.25 1 1
github.com/JailtonJunior94/ai-spec-harness/internal/fs/fake.go:114.25,115.41 1 1
github.com/JailtonJunior94/ai-spec-harness/internal/fs/fake.go:115.41,117.4 1 1
github.com/JailtonJunior94/ai-spec-harness/internal/fs/fake.go:119.2,119.14 1 1
github.com/JailtonJunior94/ai-spec-harness/internal/fs/fake.go:122.54,125.2 2 1
github.com/JailtonJunior94/ai-spec-harness/internal/fs/fake.go:127.68,129.2 1 1
github.com/JailtonJunior94/ai-spec-harness/internal/fs/fake.go:131.64,134.9 3 1
github.com/JailtonJunior94/ai-spec-harness/internal/fs/fake.go:134.9,136.3 1 1
github.com/JailtonJunior94/ai-spec-harness/internal/fs/fake.go:137.2,137.18 1 1
github.com/JailtonJunior94/ai-spec-harness/internal/fs/fake.go:140.68,143.2 2 1
github.com/JailtonJunior94/ai-spec-harness/internal/fs/fake.go:145.70,150.25 4 1
github.com/JailtonJunior94/ai-spec-harness/internal/fs/fake.go:150.25,151.42 1 1
github.com/JailtonJunior94/ai-spec-harness/internal/fs/fake.go:151.42,152.12 1 0
github.com/JailtonJunior94/ai-spec-harness/internal/fs/fake.go:154.3,157.17 4 1
github.com/JailtonJunior94/ai-spec-harness/internal/fs/fake.go:157.17,158.12 1 0
github.com/JailtonJunior94/ai-spec-harness/internal/fs/fake.go:160.3,162.67 3 1
github.com/JailtonJunior94/ai-spec-harness/internal/fs/fake.go:165.2,165.24 1 1
github.com/JailtonJunior94/ai-spec-harness/internal/fs/fake.go:165.24,166.42 1 0
github.com/JailtonJunior94/ai-spec-harness/internal/fs/fake.go:166.42,167.12 1 0
github.com/JailtonJunior94/ai-spec-harness/internal/fs/fake.go:169.3,172.17 4 0
github.com/JailtonJunior94/ai-spec-harness/internal/fs/fake.go:172.17,173.12 1 0
github.com/JailtonJunior94/ai-spec-harness/internal/fs/fake.go:175.3,176.66 2 0
github.com/JailtonJunior94/ai-spec-harness/internal/fs/fake.go:179.2,179.42 1 1
github.com/JailtonJunior94/ai-spec-harness/internal/fs/fake.go:179.42,179.90 1 1
github.com/JailtonJunior94/ai-spec-harness/internal/fs/fake.go:180.2,180.21 1 1
github.com/JailtonJunior94/ai-spec-harness/internal/fs/fake.go:183.64,186.9 3 1
github.com/JailtonJunior94/ai-spec-harness/internal/fs/fake.go:186.9,188.3 1 1
github.com/JailtonJunior94/ai-spec-harness/internal/fs/fake.go:189.2,190.37 2 1
github.com/JailtonJunior94/ai-spec-harness/internal/fs/fake.go:193.63,194.20 1 1
github.com/JailtonJunior94/ai-spec-harness/internal/fs/fake.go:194.20,196.3 1 1
github.com/JailtonJunior94/ai-spec-harness/internal/fs/fake.go:197.2,199.25 3 1
github.com/JailtonJunior94/ai-spec-harness/internal/fs/fake.go:199.25,200.41 1 1
github.com/JailtonJunior94/ai-spec-harness/internal/fs/fake.go:200.41,203.4 2 1
github.com/JailtonJunior94/ai-spec-harness/internal/fs/fake.go:205.2,207.30 3 1
github.com/JailtonJunior94/ai-spec-harness/internal/fs/fake.go:207.30,210.3 2 1
github.com/JailtonJunior94/ai-spec-harness/internal/fs/fake.go:211.2,211.43 1 1
github.com/JailtonJunior94/ai-spec-harness/internal/fs/fake.go:214.53,216.2 1 1
github.com/JailtonJunior94/ai-spec-harness/internal/fs/fake.go:218.58,221.6 3 1
github.com/JailtonJunior94/ai-spec-harness/internal/fs/fake.go:221.6,222.20 1 1
github.com/JailtonJunior94/ai-spec-harness/internal/fs/fake.go:222.20,224.4 1 0
github.com/JailtonJunior94/ai-spec-harness/internal/fs/fake.go:225.3,229.37 4 1
github.com/JailtonJunior94/ai-spec-harness/internal/fs/fake.go:229.37,231.96 2 1
github.com/JailtonJunior94/ai-spec-harness/internal/fs/fake.go:231.96,232.38 1 1
github.com/JailtonJunior94/ai-spec-harness/internal/fs/fake.go:232.38,235.6 2 1
github.com/JailtonJunior94/ai-spec-harness/internal/fs/fake.go:238.3,238.20 1 1
github.com/JailtonJunior94/ai-spec-harness/internal/fs/fake.go:238.20,240.4 1 1
github.com/JailtonJunior94/ai-spec-harness/internal/fs/fake.go:242.3,242.37 1 1
github.com/JailtonJunior94/ai-spec-harness/internal/fs/fake.go:242.37,244.4 1 0
github.com/JailtonJunior94/ai-spec-harness/internal/fs/fake.go:245.3,246.49 2 1
github.com/JailtonJunior94/ai-spec-harness/internal/fs/fake.go:255.38,255.55 1 1
github.com/JailtonJunior94/ai-spec-harness/internal/fs/fake.go:256.38,256.54 1 0
github.com/JailtonJunior94/ai-spec-harness/internal/fs/fake.go:257.43,258.11 1 0
github.com/JailtonJunior94/ai-spec-harness/internal/fs/fake.go:258.11,260.3 1 0
github.com/JailtonJunior94/ai-spec-harness/internal/fs/fake.go:261.2,261.10 1 0
github.com/JailtonJunior94/ai-spec-harness/internal/fs/fake.go:263.52,263.71 1 0
github.com/JailtonJunior94/ai-spec-harness/internal/fs/fs.go:38.38,38.64 1 1
github.com/JailtonJunior94/ai-spec-harness/internal/fs/fs.go:40.52,42.2 1 1
github.com/JailtonJunior94/ai-spec-harness/internal/fs/fs.go:44.56,46.16 2 1
github.com/JailtonJunior94/ai-spec-harness/internal/fs/fs.go:46.16,48.3 1 1
github.com/JailtonJunior94/ai-spec-harness/internal/fs/fs.go:49.2,51.62 2 1
github.com/JailtonJunior94/ai-spec-harness/internal/fs/fs.go:51.62,53.3 1 0
github.com/JailtonJunior94/ai-spec-harness/internal/fs/fs.go:55.2,55.104 1 1
github.com/JailtonJunior94/ai-spec-harness/internal/fs/fs.go:55.104,57.3 1 1
github.com/JailtonJunior94/ai-spec-harness/internal/fs/fs.go:59.2,60.16 2 1
github.com/JailtonJunior94/ai-spec-harness/internal/fs/fs.go:60.16,62.3 1 0
github.com/JailtonJunior94/ai-spec-harness/internal/fs/fs.go:63.2,65.44 2 1
github.com/JailtonJunior94/ai-spec-harness/internal/fs/fs.go:65.44,67.3 1 0
github.com/JailtonJunior94/ai-spec-harness/internal/fs/fs.go:69.2,70.16 2 1
github.com/JailtonJunior94/ai-spec-harness/internal/fs/fs.go:70.16,72.3 1 0
github.com/JailtonJunior94/ai-spec-harness/internal/fs/fs.go:73.2,73.55 1 1
github.com/JailtonJunior94/ai-spec-harness/internal/fs/fs.go:76.55,77.81 1 1
github.com/JailtonJunior94/ai-spec-harness/internal/fs/fs.go:77.81,78.17 1 1
github.com/JailtonJunior94/ai-spec-harness/internal/fs/fs.go:78.17,80.4 1 0
github.com/JailtonJunior94/ai-spec-harness/internal/fs/fs.go:82.3,83.17 2 1
github.com/JailtonJunior94/ai-spec-harness/internal/fs/fs.go:83.17,85.4 1 0
github.com/JailtonJunior94/ai-spec-harness/internal/fs/fs.go:86.3,88.19 2 1
github.com/JailtonJunior94/ai-spec-harness/internal/fs/fs.go:88.19,90.52 2 1
github.com/JailtonJunior94/ai-spec-harness/internal/fs/fs.go:90.52,92.5 1 0
github.com/JailtonJunior94/ai-spec-harness/internal/fs/fs.go:93.4,93.33 1 1
github.com/JailtonJunior94/ai-spec-harness/internal/fs/fs.go:95.3,95.34 1 1
github.com/JailtonJunior94/ai-spec-harness/internal/fs/fs.go:99.59,100.63 1 1
github.com/JailtonJunior94/ai-spec-harness/internal/fs/fs.go:100.63,102.3 1 0
github.com/JailtonJunior94/ai-spec-harness/internal/fs/fs.go:103.2,104.33 2 1
github.com/JailtonJunior94/ai-spec-harness/internal/fs/fs.go:107.50,109.2 1 1
github.com/JailtonJunior94/ai-spec-harness/internal/fs/fs.go:111.53,112.16 1 1
github.com/JailtonJunior94/ai-spec-harness/internal/fs/fs.go:112.16,114.3 1 0
github.com/JailtonJunior94/ai-spec-harness/internal/fs/fs.go:116.2,117.16 2 1
github.com/JailtonJunior94/ai-spec-harness/internal/fs/fs.go:117.16,119.3 1 0
github.com/JailtonJunior94/ai-spec-harness/internal/fs/fs.go:120.2,120.15 1 1
github.com/JailtonJunior94/ai-spec-harness/internal/fs/fs.go:120.15,120.35 1 1
github.com/JailtonJunior94/ai-spec-harness/internal/fs/fs.go:122.2,124.32 3 1
github.com/JailtonJunior94/ai-spec-harness/internal/fs/fs.go:124.32,126.17 2 1
github.com/JailtonJunior94/ai-spec-harness/internal/fs/fs.go:126.17,129.4 2 1
github.com/JailtonJunior94/ai-spec-harness/internal/fs/fs.go:132.2,132.29 1 1
github.com/JailtonJunior94/ai-spec-harness/internal/fs/fs.go:135.49,138.2 2 1
github.com/JailtonJunior94/ai-spec-harness/internal/fs/fs.go:140.48,143.2 2 1
github.com/JailtonJunior94/ai-spec-harness/internal/fs/fs.go:145.52,148.2 2 1
github.com/JailtonJunior94/ai-spec-harness/internal/fs/fs.go:150.66,152.16 2 0
github.com/JailtonJunior94/ai-spec-harness/internal/fs/fs.go:152.16,154.3 1 0
github.com/JailtonJunior94/ai-spec-harness/internal/fs/fs.go:155.2,155.22 1 0
github.com/JailtonJunior94/ai-spec-harness/internal/fs/fs.go:158.62,160.2 1 1
github.com/JailtonJunior94/ai-spec-harness/internal/fs/fs.go:162.66,163.63 1 1
github.com/JailtonJunior94/ai-spec-harness/internal/fs/fs.go:163.63,165.3 1 0
github.com/JailtonJunior94/ai-spec-harness/internal/fs/fs.go:166.2,166.105 1 1
github.com/JailtonJunior94/ai-spec-harness/internal/fs/fs.go:166.105,168.3 1 1
github.com/JailtonJunior94/ai-spec-harness/internal/fs/fs.go:169.2,169.40 1 1
github.com/JailtonJunior94/ai-spec-harness/internal/fs/fs.go:172.68,174.2 1 1
github.com/JailtonJunior94/ai-spec-harness/internal/fs/fs.go:176.62,178.16 2 1
github.com/JailtonJunior94/ai-spec-harness/internal/fs/fs.go:178.16,180.3 1 1
github.com/JailtonJunior94/ai-spec-harness/internal/fs/fs.go:181.2,184.44 3 1
github.com/JailtonJunior94/ai-spec-harness/internal/fs/fs.go:184.44,186.3 1 0
github.com/JailtonJunior94/ai-spec-harness/internal/fs/fs.go:187.2,187.43 1 1
github.com/JailtonJunior94/ai-spec-harness/internal/fs/fs.go:190.61,191.20 1 1
github.com/JailtonJunior94/ai-spec-harness/internal/fs/fs.go:191.20,193.3 1 1
github.com/JailtonJunior94/ai-spec-harness/internal/fs/fs.go:195.2,196.79 2 1
github.com/JailtonJunior94/ai-spec-harness/internal/fs/fs.go:196.79,197.33 1 1
github.com/JailtonJunior94/ai-spec-harness/internal/fs/fs.go:197.33,199.4 1 1
github.com/JailtonJunior94/ai-spec-harness/internal/fs/fs.go:200.3,202.13 3 1
github.com/JailtonJunior94/ai-spec-harness/internal/fs/fs.go:204.2,204.16 1 1
github.com/JailtonJunior94/ai-spec-harness/internal/fs/fs.go:204.16,206.3 1 0
github.com/JailtonJunior94/ai-spec-harness/internal/fs/fs.go:208.2,210.30 3 1
github.com/JailtonJunior94/ai-spec-harness/internal/fs/fs.go:210.30,214.17 4 1
github.com/JailtonJunior94/ai-spec-harness/internal/fs/fs.go:214.17,216.4 1 0
github.com/JailtonJunior94/ai-spec-harness/internal/fs/fs.go:217.3,217.16 1 1
github.com/JailtonJunior94/ai-spec-harness/internal/fs/fs.go:219.2,219.43 1 1
github.com/JailtonJunior94/ai-spec-harness/internal/fs/fs.go:222.51,224.16 2 1
github.com/JailtonJunior94/ai-spec-harness/internal/fs/fs.go:224.16,226.3 1 1
github.com/JailtonJunior94/ai-spec-harness/internal/fs/fs.go:227.2,227.38 1 1
github.com/JailtonJunior94/ai-spec-harness/internal/fs/fs.go:230.76,232.51 2 1
github.com/JailtonJunior94/ai-spec-harness/internal/fs/fs.go:232.51,234.3 1 1
github.com/JailtonJunior94/ai-spec-harness/internal/fs/fs.go:236.2,237.16 2 1
github.com/JailtonJunior94/ai-spec-harness/internal/fs/fs.go:237.16,239.3 1 0
github.com/JailtonJunior94/ai-spec-harness/internal/fs/fs.go:240.2,240.15 1 1
github.com/JailtonJunior94/ai-spec-harness/internal/fs/fs.go:240.15,240.35 1 1
github.com/JailtonJunior94/ai-spec-harness/internal/fs/fs.go:242.2,242.19 1 1
github.com/JailtonJunior94/ai-spec-harness/internal/fs/fs.go:242.19,243.30 1 1
github.com/JailtonJunior94/ai-spec-harness/internal/fs/fs.go:243.30,245.4 1 1
github.com/JailtonJunior94/ai-spec-harness/internal/fs/fs.go:246.3,246.13 1 0
github.com/JailtonJunior94/ai-spec-harness/internal/fs/fs.go:249.2,249.67 1 1
github.com/JailtonJunior94/ai-spec-harness/internal/fs/fs.go:249.67,251.3 1 0
github.com/JailtonJunior94/ai-spec-harness/internal/fs/fs.go:252.2,253.16 2 1
github.com/JailtonJunior94/ai-spec-harness/internal/fs/fs.go:253.16,255.3 1 0
github.com/JailtonJunior94/ai-spec-harness/internal/fs/fs.go:256.2,256.32 1 1
github.com/JailtonJunior94/ai-spec-harness/internal/fs/fs.go:256.32,257.82 1 1
github.com/JailtonJunior94/ai-spec-harness/internal/fs/fs.go:257.82,259.4 1 0
github.com/JailtonJunior94/ai-spec-harness/internal/fs/fs.go:261.2,261.12 1 1
github.com/JailtonJunior94/ai-spec-harness/internal/fs/fs.go:264.70,266.2 1 1
github.com/JailtonJunior94/ai-spec-harness/internal/fs/fs.go:268.71,270.2 1 1
github.com/JailtonJunior94/ai-spec-harness/internal/fs/symlink_guard.go:10.110,11.20 1 0
github.com/JailtonJunior94/ai-spec-harness/internal/fs/symlink_guard.go:11.20,13.3 1 0
github.com/JailtonJunior94/ai-spec-harness/internal/fs/symlink_guard.go:15.2,16.16 2 0
github.com/JailtonJunior94/ai-spec-harness/internal/fs/symlink_guard.go:16.16,18.3 1 0
github.com/JailtonJunior94/ai-spec-harness/internal/fs/symlink_guard.go:19.2,22.16 3 0
github.com/JailtonJunior94/ai-spec-harness/internal/fs/symlink_guard.go:22.16,24.3 1 0
github.com/JailtonJunior94/ai-spec-harness/internal/fs/symlink_guard.go:25.2,27.68 2 0
github.com/JailtonJunior94/ai-spec-harness/internal/fs/symlink_guard.go:27.68,28.34 1 0
github.com/JailtonJunior94/ai-spec-harness/internal/fs/symlink_guard.go:28.34,29.12 1 0
github.com/JailtonJunior94/ai-spec-harness/internal/fs/symlink_guard.go:31.3,32.17 2 0
github.com/JailtonJunior94/ai-spec-harness/internal/fs/symlink_guard.go:32.17,34.4 1 0
github.com/JailtonJunior94/ai-spec-harness/internal/fs/symlink_guard.go:35.3,36.17 2 0
github.com/JailtonJunior94/ai-spec-harness/internal/fs/symlink_guard.go:36.17,38.4 1 0
github.com/JailtonJunior94/ai-spec-harness/internal/fs/symlink_guard.go:39.3,40.46 2 0
github.com/JailtonJunior94/ai-spec-harness/internal/fs/symlink_guard.go:40.46,41.12 1 0
github.com/JailtonJunior94/ai-spec-harness/internal/fs/symlink_guard.go:43.3,44.17 2 0
github.com/JailtonJunior94/ai-spec-harness/internal/fs/symlink_guard.go:44.17,46.4 1 0
github.com/JailtonJunior94/ai-spec-harness/internal/fs/symlink_guard.go:47.3,47.168 1 0
github.com/JailtonJunior94/ai-spec-harness/internal/fs/symlink_guard.go:50.2,50.12 1 0
github.com/JailtonJunior94/ai-spec-harness/internal/fs/symlink_guard.go:53.67,57.85 4 0
github.com/JailtonJunior94/ai-spec-harness/internal/fs/symlink_guard.go:57.85,59.3 1 0
github.com/JailtonJunior94/ai-spec-harness/internal/fs/symlink_guard.go:60.2,60.70 1 0
github.com/JailtonJunior94/ai-spec-harness/internal/fs/symlink_guard.go:60.70,61.32 1 0
github.com/JailtonJunior94/ai-spec-harness/internal/fs/symlink_guard.go:61.32,62.12 1 0
github.com/JailtonJunior94/ai-spec-harness/internal/fs/symlink_guard.go:64.3,65.33 2 0
github.com/JailtonJunior94/ai-spec-harness/internal/fs/symlink_guard.go:67.2,67.14 1 0
github.com/JailtonJunior94/ai-spec-harness/internal/fs/symlink_guard.go:70.45,72.16 2 0
github.com/JailtonJunior94/ai-spec-harness/internal/fs/symlink_guard.go:72.16,74.3 1 0
github.com/JailtonJunior94/ai-spec-harness/internal/fs/symlink_guard.go:75.2,75.78 1 0
github.com/JailtonJunior94/ai-spec-harness/internal/inspect/inspect.go:22.114,24.2 1 1
github.com/JailtonJunior94/ai-spec-harness/internal/inspect/inspect.go:26.52,28.16 2 1
github.com/JailtonJunior94/ai-spec-harness/internal/inspect/inspect.go:28.16,30.3 1 0
github.com/JailtonJunior94/ai-spec-harness/internal/inspect/inspect.go:32.2,32.25 1 1
github.com/JailtonJunior94/ai-spec-harness/internal/inspect/inspect.go:32.25,34.3 1 1
github.com/JailtonJunior94/ai-spec-harness/internal/inspect/inspect.go:36.2,40.31 3 1
github.com/JailtonJunior94/ai-spec-harness/internal/inspect/inspect.go:40.31,42.17 2 1
github.com/JailtonJunior94/ai-spec-harness/internal/inspect/inspect.go:42.17,44.4 1 1
github.com/JailtonJunior94/ai-spec-harness/internal/inspect/inspect.go:44.9,55.4 10 1
github.com/JailtonJunior94/ai-spec-harness/internal/inspect/inspect.go:56.8,58.3 1 1
github.com/JailtonJunior94/ai-spec-harness/internal/inspect/inspect.go:61.2,62.27 2 1
github.com/JailtonJunior94/ai-spec-harness/internal/inspect/inspect.go:62.27,64.17 2 1
github.com/JailtonJunior94/ai-spec-harness/internal/inspect/inspect.go:64.17,66.30 2 1
github.com/JailtonJunior94/ai-spec-harness/internal/inspect/inspect.go:66.30,67.19 1 1
github.com/JailtonJunior94/ai-spec-harness/internal/inspect/inspect.go:67.19,68.14 1 0
github.com/JailtonJunior94/ai-spec-harness/internal/inspect/inspect.go:70.5,72.34 3 1
github.com/JailtonJunior94/ai-spec-harness/internal/inspect/inspect.go:72.34,74.6 1 1
github.com/JailtonJunior94/ai-spec-harness/internal/inspect/inspect.go:76.5,78.56 3 1
github.com/JailtonJunior94/ai-spec-harness/internal/inspect/inspect.go:78.56,80.26 2 1
github.com/JailtonJunior94/ai-spec-harness/internal/inspect/inspect.go:80.26,82.7 1 1
github.com/JailtonJunior94/ai-spec-harness/internal/inspect/inspect.go:84.5,84.59 1 1
github.com/JailtonJunior94/ai-spec-harness/internal/inspect/inspect.go:86.4,86.22 1 1
github.com/JailtonJunior94/ai-spec-harness/internal/inspect/inspect.go:88.8,90.3 1 1
github.com/JailtonJunior94/ai-spec-harness/internal/inspect/inspect.go:93.2,100.12 5 1
github.com/JailtonJunior94/ai-spec-harness/internal/inspect/inspect.go:103.59,105.26 2 1
github.com/JailtonJunior94/ai-spec-harness/internal/inspect/inspect.go:105.26,107.3 1 1
github.com/JailtonJunior94/ai-spec-harness/internal/inspect/inspect.go:108.2,108.12 1 1
github.com/JailtonJunior94/ai-spec-harness/internal/inspect/inspect.go:111.59,113.26 2 1
github.com/JailtonJunior94/ai-spec-harness/internal/inspect/inspect.go:113.26,115.3 1 1
github.com/JailtonJunior94/ai-spec-harness/internal/inspect/inspect.go:116.2,116.12 1 1
github.com/JailtonJunior94/ai-spec-harness/internal/invocation/invocation.go:19.24,21.2 1 1
github.com/JailtonJunior94/ai-spec-harness/internal/invocation/invocation.go:25.36,29.18 3 1
github.com/JailtonJunior94/ai-spec-harness/internal/invocation/invocation.go:29.18,31.3 1 1
github.com/JailtonJunior94/ai-spec-harness/internal/invocation/invocation.go:32.2,32.12 1 1
github.com/JailtonJunior94/ai-spec-harness/internal/invocation/invocation.go:36.34,39.2 2 1
github.com/JailtonJunior94/ai-spec-harness/internal/invocation/invocation.go:41.59,43.15 2 1
github.com/JailtonJunior94/ai-spec-harness/internal/invocation/invocation.go:43.15,45.3 1 1
github.com/JailtonJunior94/ai-spec-harness/internal/invocation/invocation.go:46.2,47.16 2 1
github.com/JailtonJunior94/ai-spec-harness/internal/invocation/invocation.go:47.16,49.3 1 0
github.com/JailtonJunior94/ai-spec-harness/internal/invocation/invocation.go:50.2,50.10 1 1
github.com/JailtonJunior94/ai-spec-harness/internal/lint/lint.go:24.36,25.16 1 0
github.com/JailtonJunior94/ai-spec-harness/internal/lint/lint.go:25.16,27.3 1 0
github.com/JailtonJunior94/ai-spec-harness/internal/lint/lint.go:28.2,28.55 1 0
github.com/JailtonJunior94/ai-spec-harness/internal/lint/lint.go:48.57,49.37 1 1
github.com/JailtonJunior94/ai-spec-harness/internal/lint/lint.go:49.37,51.3 1 1
github.com/JailtonJunior94/ai-spec-harness/internal/lint/lint.go:52.2,52.51 1 0
github.com/JailtonJunior94/ai-spec-harness/internal/lint/lint.go:57.67,61.35 2 1
github.com/JailtonJunior94/ai-spec-harness/internal/lint/lint.go:61.35,64.17 3 1
github.com/JailtonJunior94/ai-spec-harness/internal/lint/lint.go:64.17,65.12 1 1
github.com/JailtonJunior94/ai-spec-harness/internal/lint/lint.go:67.3,67.35 1 1
github.com/JailtonJunior94/ai-spec-harness/internal/lint/lint.go:71.2,73.16 3 1
github.com/JailtonJunior94/ai-spec-harness/internal/lint/lint.go:73.16,74.67 1 1
github.com/JailtonJunior94/ai-spec-harness/internal/lint/lint.go:74.67,76.4 1 1
github.com/JailtonJunior94/ai-spec-harness/internal/lint/lint.go:80.2,82.16 3 1
github.com/JailtonJunior94/ai-spec-harness/internal/lint/lint.go:82.16,83.27 1 1
github.com/JailtonJunior94/ai-spec-harness/internal/lint/lint.go:83.27,88.4 1 1
github.com/JailtonJunior94/ai-spec-harness/internal/lint/lint.go:92.2,95.20 3 1
github.com/JailtonJunior94/ai-spec-harness/internal/lint/lint.go:95.20,97.3 1 1
github.com/JailtonJunior94/ai-spec-harness/internal/lint/lint.go:98.2,98.18 1 1
github.com/JailtonJunior94/ai-spec-harness/internal/lint/lint.go:102.54,105.35 2 0
github.com/JailtonJunior94/ai-spec-harness/internal/lint/lint.go:105.35,106.50 1 0
github.com/JailtonJunior94/ai-spec-harness/internal/lint/lint.go:106.50,108.4 1 0
github.com/JailtonJunior94/ai-spec-harness/internal/lint/lint.go:112.2,112.57 1 0
github.com/JailtonJunior94/ai-spec-harness/internal/lint/lint.go:112.57,114.3 1 0
github.com/JailtonJunior94/ai-spec-harness/internal/lint/lint.go:116.2,116.118 1 0
github.com/JailtonJunior94/ai-spec-harness/internal/lint/lint.go:116.118,118.3 1 0
github.com/JailtonJunior94/ai-spec-harness/internal/lint/lint.go:120.2,122.16 3 0
github.com/JailtonJunior94/ai-spec-harness/internal/lint/lint.go:122.16,123.29 1 0
github.com/JailtonJunior94/ai-spec-harness/internal/lint/lint.go:123.29,124.17 1 0
github.com/JailtonJunior94/ai-spec-harness/internal/lint/lint.go:124.17,126.31 2 0
github.com/JailtonJunior94/ai-spec-harness/internal/lint/lint.go:126.31,128.6 1 0
github.com/JailtonJunior94/ai-spec-harness/internal/lint/lint.go:133.2,133.14 1 0
github.com/JailtonJunior94/ai-spec-harness/internal/lint/lint.go:136.76,138.16 2 1
github.com/JailtonJunior94/ai-spec-harness/internal/lint/lint.go:138.16,140.3 1 1
github.com/JailtonJunior94/ai-spec-harness/internal/lint/lint.go:141.2,144.21 4 1
github.com/JailtonJunior94/ai-spec-harness/internal/lint/lint.go:144.21,147.35 3 1
github.com/JailtonJunior94/ai-spec-harness/internal/lint/lint.go:147.35,153.4 1 1
github.com/JailtonJunior94/ai-spec-harness/internal/lint/lint.go:155.2,155.18 1 1
github.com/JailtonJunior94/ai-spec-harness/internal/lint/lint.go:158.58,160.15 2 1
github.com/JailtonJunior94/ai-spec-harness/internal/lint/lint.go:160.15,162.3 1 0
github.com/JailtonJunior94/ai-spec-harness/internal/lint/lint.go:163.2,164.13 2 1
github.com/JailtonJunior94/ai-spec-harness/internal/lint/lint.go:164.13,166.3 1 0
github.com/JailtonJunior94/ai-spec-harness/internal/lint/lint.go:167.2,167.53 1 1
github.com/JailtonJunior94/ai-spec-harness/internal/lint/lint.go:170.74,172.20 2 1
github.com/JailtonJunior94/ai-spec-harness/internal/lint/lint.go:172.20,174.3 1 0
github.com/JailtonJunior94/ai-spec-harness/internal/lint/lint.go:175.2,177.23 3 1
github.com/JailtonJunior94/ai-spec-harness/internal/lint/lint.go:177.23,182.3 1 1
github.com/JailtonJunior94/ai-spec-harness/internal/lint/lint.go:183.2,183.12 1 1
github.com/JailtonJunior94/ai-spec-harness/internal/lint/lint.go:186.73,189.16 3 1
github.com/JailtonJunior94/ai-spec-harness/internal/lint/lint.go:189.16,191.3 1 0
github.com/JailtonJunior94/ai-spec-harness/internal/lint/lint.go:192.2,195.28 4 1
github.com/JailtonJunior94/ai-spec-harness/internal/lint/lint.go:195.28,196.17 1 1
github.com/JailtonJunior94/ai-spec-harness/internal/lint/lint.go:196.17,197.12 1 0
github.com/JailtonJunior94/ai-spec-harness/internal/lint/lint.go:199.3,201.17 3 1
github.com/JailtonJunior94/ai-spec-harness/internal/lint/lint.go:201.17,202.12 1 1
github.com/JailtonJunior94/ai-spec-harness/internal/lint/lint.go:204.3,204.68 1 1
github.com/JailtonJunior94/ai-spec-harness/internal/lint/lint.go:204.68,209.12 2 1
github.com/JailtonJunior94/ai-spec-harness/internal/lint/lint.go:211.3,212.81 2 1
github.com/JailtonJunior94/ai-spec-harness/internal/lint/lint.go:212.81,217.4 1 1
github.com/JailtonJunior94/ai-spec-harness/internal/lint/lint.go:219.2,219.13 1 1
github.com/JailtonJunior94/ai-spec-harness/internal/lint/lint.go:222.71,225.16 3 1
github.com/JailtonJunior94/ai-spec-harness/internal/lint/lint.go:225.16,227.3 1 1
github.com/JailtonJunior94/ai-spec-harness/internal/lint/lint.go:229.2,230.56 2 1
github.com/JailtonJunior94/ai-spec-harness/internal/lint/lint.go:230.56,232.3 1 0
github.com/JailtonJunior94/ai-spec-harness/internal/lint/lint.go:234.2,235.44 2 1
github.com/JailtonJunior94/ai-spec-harness/internal/lint/lint.go:235.44,236.49 1 1
github.com/JailtonJunior94/ai-spec-harness/internal/lint/lint.go:236.49,238.4 1 1
github.com/JailtonJunior94/ai-spec-harness/internal/lint/lint.go:240.2,240.19 1 1
github.com/JailtonJunior94/ai-spec-harness/internal/lint/lint.go:243.66,244.56 1 1
github.com/JailtonJunior94/ai-spec-harness/internal/lint/lint.go:245.62,246.14 1 1
github.com/JailtonJunior94/ai-spec-harness/internal/lint/lint.go:247.10,248.15 1 0
github.com/JailtonJunior94/ai-spec-harness/internal/lint/lint.go:252.84,253.80 1 1
github.com/JailtonJunior94/ai-spec-harness/internal/lint/lint.go:253.80,255.3 1 1
github.com/JailtonJunior94/ai-spec-harness/internal/lint/lint.go:257.2,258.61 2 1
github.com/JailtonJunior94/ai-spec-harness/internal/lint/lint.go:258.61,260.3 1 0
github.com/JailtonJunior94/ai-spec-harness/internal/lint/lint.go:262.2,265.33 4 1
github.com/JailtonJunior94/ai-spec-harness/internal/lint/lint.go:265.33,266.52 1 1
github.com/JailtonJunior94/ai-spec-harness/internal/lint/lint.go:266.52,269.4 2 1
github.com/JailtonJunior94/ai-spec-harness/internal/lint/lint.go:270.3,270.34 1 1
github.com/JailtonJunior94/ai-spec-harness/internal/lint/lint.go:272.2,272.15 1 1
github.com/JailtonJunior94/ai-spec-harness/internal/lint/lint.go:272.15,274.3 1 0
github.com/JailtonJunior94/ai-spec-harness/internal/lint/lint.go:275.2,275.44 1 1
github.com/JailtonJunior94/ai-spec-harness/internal/manifest/manifest.go:33.42,35.2 1 1
github.com/JailtonJunior94/ai-spec-harness/internal/manifest/manifest.go:37.60,40.16 3 1
github.com/JailtonJunior94/ai-spec-harness/internal/manifest/manifest.go:40.16,42.3 1 1
github.com/JailtonJunior94/ai-spec-harness/internal/manifest/manifest.go:43.2,44.49 2 1
github.com/JailtonJunior94/ai-spec-harness/internal/manifest/manifest.go:44.49,46.3 1 1
github.com/JailtonJunior94/ai-spec-harness/internal/manifest/manifest.go:47.2,47.16 1 1
github.com/JailtonJunior94/ai-spec-harness/internal/manifest/manifest.go:50.60,52.16 2 1
github.com/JailtonJunior94/ai-spec-harness/internal/manifest/manifest.go:52.16,54.3 1 0
github.com/JailtonJunior94/ai-spec-harness/internal/manifest/manifest.go:55.2,55.58 1 1
github.com/JailtonJunior94/ai-spec-harness/internal/manifest/manifest.go:58.48,60.2 1 1
github.com/JailtonJunior94/ai-spec-harness/internal/metrics/flow.go:106.109,109.2 2 1
github.com/JailtonJunior94/ai-spec-harness/internal/metrics/flow.go:115.138,123.34 2 1
github.com/JailtonJunior94/ai-spec-harness/internal/metrics/flow.go:123.34,126.3 2 1
github.com/JailtonJunior94/ai-spec-harness/internal/metrics/flow.go:127.2,129.10 3 1
github.com/JailtonJunior94/ai-spec-harness/internal/metrics/metrics.go:53.86,54.16 1 1
github.com/JailtonJunior94/ai-spec-harness/internal/metrics/metrics.go:54.16,56.3 1 1
github.com/JailtonJunior94/ai-spec-harness/internal/metrics/metrics.go:57.2,57.61 1 1
github.com/JailtonJunior94/ai-spec-harness/internal/metrics/metrics.go:61.69,63.16 2 1
github.com/JailtonJunior94/ai-spec-harness/internal/metrics/metrics.go:63.16,65.3 1 1
github.com/JailtonJunior94/ai-spec-harness/internal/metrics/metrics.go:67.2,67.22 1 1
github.com/JailtonJunior94/ai-spec-harness/internal/metrics/metrics.go:67.22,71.3 3 0
github.com/JailtonJunior94/ai-spec-harness/internal/metrics/metrics.go:74.2,75.45 2 1
github.com/JailtonJunior94/ai-spec-harness/internal/metrics/metrics.go:75.45,77.3 1 1
github.com/JailtonJunior94/ai-spec-harness/internal/metrics/metrics.go:78.2,80.40 3 1
github.com/JailtonJunior94/ai-spec-harness/internal/metrics/metrics.go:80.40,82.3 1 0
github.com/JailtonJunior94/ai-spec-harness/internal/metrics/metrics.go:83.2,87.33 4 1
github.com/JailtonJunior94/ai-spec-harness/internal/metrics/metrics.go:87.33,90.40 3 1
github.com/JailtonJunior94/ai-spec-harness/internal/metrics/metrics.go:90.40,92.4 1 1
github.com/JailtonJunior94/ai-spec-harness/internal/metrics/metrics.go:95.2,95.12 1 1
github.com/JailtonJunior94/ai-spec-harness/internal/metrics/metrics.go:100.70,107.29 3 1
github.com/JailtonJunior94/ai-spec-harness/internal/metrics/metrics.go:107.29,109.3 1 1
github.com/JailtonJunior94/ai-spec-harness/internal/metrics/metrics.go:111.2,112.16 2 1
github.com/JailtonJunior94/ai-spec-harness/internal/metrics/metrics.go:112.16,114.3 1 0
github.com/JailtonJunior94/ai-spec-harness/internal/metrics/metrics.go:116.2,116.28 1 1
github.com/JailtonJunior94/ai-spec-harness/internal/metrics/metrics.go:116.28,117.17 1 1
github.com/JailtonJunior94/ai-spec-harness/internal/metrics/metrics.go:117.17,118.12 1 0
github.com/JailtonJunior94/ai-spec-harness/internal/metrics/metrics.go:120.3,122.30 3 1
github.com/JailtonJunior94/ai-spec-harness/internal/metrics/metrics.go:122.30,126.12 4 1
github.com/JailtonJunior94/ai-spec-harness/internal/metrics/metrics.go:129.3,141.61 11 1
github.com/JailtonJunior94/ai-spec-harness/internal/metrics/metrics.go:141.61,142.35 1 1
github.com/JailtonJunior94/ai-spec-harness/internal/metrics/metrics.go:142.35,143.20 1 1
github.com/JailtonJunior94/ai-spec-harness/internal/metrics/metrics.go:143.20,144.14 1 0
github.com/JailtonJunior94/ai-spec-harness/internal/metrics/metrics.go:146.5,150.14 4 1
github.com/JailtonJunior94/ai-spec-harness/internal/metrics/metrics.go:150.14,156.6 4 0
github.com/JailtonJunior94/ai-spec-harness/internal/metrics/metrics.go:156.11,161.6 4 1
github.com/JailtonJunior94/ai-spec-harness/internal/metrics/metrics.go:162.5,163.22 2 1
github.com/JailtonJunior94/ai-spec-harness/internal/metrics/metrics.go:167.3,168.23 2 1
github.com/JailtonJunior94/ai-spec-harness/internal/metrics/metrics.go:168.23,170.4 1 1
github.com/JailtonJunior94/ai-spec-harness/internal/metrics/metrics.go:171.3,179.22 3 1
github.com/JailtonJunior94/ai-spec-harness/internal/metrics/metrics.go:182.2,182.20 1 1
github.com/JailtonJunior94/ai-spec-harness/internal/metrics/metrics.go:185.54,187.16 2 1
github.com/JailtonJunior94/ai-spec-harness/internal/metrics/metrics.go:187.16,189.3 1 0
github.com/JailtonJunior94/ai-spec-harness/internal/metrics/metrics.go:190.2,196.3 2 1
github.com/JailtonJunior94/ai-spec-harness/internal/metrics/metrics.go:199.51,201.2 1 1
github.com/JailtonJunior94/ai-spec-harness/internal/metrics/metrics.go:220.113,222.11 2 0
github.com/JailtonJunior94/ai-spec-harness/internal/metrics/metrics.go:222.11,223.50 1 0
github.com/JailtonJunior94/ai-spec-harness/internal/metrics/metrics.go:223.50,225.4 1 0
github.com/JailtonJunior94/ai-spec-harness/internal/metrics/metrics.go:227.2,228.13 2 0
github.com/JailtonJunior94/ai-spec-harness/internal/metrics/metrics.go:228.13,230.3 1 0
github.com/JailtonJunior94/ai-spec-harness/internal/metrics/metrics.go:231.2,231.31 1 0
github.com/JailtonJunior94/ai-spec-harness/internal/metrics/metrics.go:237.93,240.13 3 1
github.com/JailtonJunior94/ai-spec-harness/internal/metrics/metrics.go:240.13,242.3 1 1
github.com/JailtonJunior94/ai-spec-harness/internal/metrics/metrics.go:243.2,243.39 1 1
github.com/JailtonJunior94/ai-spec-harness/internal/metrics/metrics.go:247.49,250.40 3 1
github.com/JailtonJunior94/ai-spec-harness/internal/metrics/metrics.go:250.40,252.3 1 1
github.com/JailtonJunior94/ai-spec-harness/internal/metrics/metrics.go:253.2,254.35 2 1
github.com/JailtonJunior94/ai-spec-harness/internal/metrics/metrics.go:254.35,256.3 1 0
github.com/JailtonJunior94/ai-spec-harness/internal/metrics/metrics.go:257.2,258.19 2 1
github.com/JailtonJunior94/ai-spec-harness/internal/metrics/r1_catalog.go:6.28,8.2 1 1
github.com/JailtonJunior94/ai-spec-harness/internal/metrics/tokenizer.go:20.54,22.2 1 1
github.com/JailtonJunior94/ai-spec-harness/internal/metrics/tokenizer.go:24.36,24.58 1 1
github.com/JailtonJunior94/ai-spec-harness/internal/metrics/tokenizer.go:27.35,27.61 1 1
github.com/JailtonJunior94/ai-spec-harness/internal/metrics/tokenizer.go:36.48,38.16 2 1
github.com/JailtonJunior94/ai-spec-harness/internal/metrics/tokenizer.go:38.16,40.3 1 0
github.com/JailtonJunior94/ai-spec-harness/internal/metrics/tokenizer.go:41.2,41.42 1 1
github.com/JailtonJunior94/ai-spec-harness/internal/metrics/tokenizer.go:44.61,46.2 1 1
github.com/JailtonJunior94/ai-spec-harness/internal/metrics/tokenizer.go:48.43,48.76 1 1
github.com/JailtonJunior94/ai-spec-harness/internal/metrics/tokenizer.go:53.46,55.16 2 1
github.com/JailtonJunior94/ai-spec-harness/internal/metrics/tokenizer.go:55.16,57.3 1 0
github.com/JailtonJunior94/ai-spec-harness/internal/metrics/tokenizer.go:58.2,58.16 1 1
github.com/JailtonJunior94/ai-spec-harness/internal/output/output.go:16.33,18.2 1 1
github.com/JailtonJunior94/ai-spec-harness/internal/output/output.go:20.52,22.2 1 1
github.com/JailtonJunior94/ai-spec-harness/internal/output/output.go:24.52,26.2 1 1
github.com/JailtonJunior94/ai-spec-harness/internal/output/output.go:28.53,29.15 1 1
github.com/JailtonJunior94/ai-spec-harness/internal/output/output.go:29.15,31.3 1 1
github.com/JailtonJunior94/ai-spec-harness/internal/output/output.go:34.52,36.2 1 1
github.com/JailtonJunior94/ai-spec-harness/internal/output/output.go:38.53,40.2 1 1
github.com/JailtonJunior94/ai-spec-harness/internal/output/output.go:42.54,44.2 1 1
github.com/JailtonJunior94/ai-spec-harness/internal/output/output.go:47.56,49.2 1 1
github.com/JailtonJunior94/ai-spec-harness/internal/parity/parity.go:79.43,81.9 2 1
github.com/JailtonJunior94/ai-spec-harness/internal/parity/parity.go:81.9,83.3 1 1
github.com/JailtonJunior94/ai-spec-harness/internal/parity/parity.go:84.2,84.21 1 1
github.com/JailtonJunior94/ai-spec-harness/internal/parity/parity.go:88.47,89.31 1 1
github.com/JailtonJunior94/ai-spec-harness/internal/parity/parity.go:89.31,90.16 1 1
github.com/JailtonJunior94/ai-spec-harness/internal/parity/parity.go:90.16,92.4 1 1
github.com/JailtonJunior94/ai-spec-harness/internal/parity/parity.go:94.2,94.14 1 0
github.com/JailtonJunior94/ai-spec-harness/internal/parity/parity.go:103.47,103.74 1 1
github.com/JailtonJunior94/ai-spec-harness/internal/parity/parity.go:104.47,104.91 1 1
github.com/JailtonJunior94/ai-spec-harness/internal/parity/parity.go:105.53,107.2 1 1
github.com/JailtonJunior94/ai-spec-harness/internal/parity/parity.go:124.78,126.31 2 1
github.com/JailtonJunior94/ai-spec-harness/internal/parity/parity.go:126.31,128.3 1 1
github.com/JailtonJunior94/ai-spec-harness/internal/parity/parity.go:130.2,131.33 2 1
github.com/JailtonJunior94/ai-spec-harness/internal/parity/parity.go:131.33,132.29 1 1
github.com/JailtonJunior94/ai-spec-harness/internal/parity/parity.go:132.29,134.36 2 1
github.com/JailtonJunior94/ai-spec-harness/internal/parity/parity.go:134.36,135.18 1 1
github.com/JailtonJunior94/ai-spec-harness/internal/parity/parity.go:135.18,137.11 2 1
github.com/JailtonJunior94/ai-spec-harness/internal/parity/parity.go:140.4,140.17 1 1
github.com/JailtonJunior94/ai-spec-harness/internal/parity/parity.go:140.17,142.13 2 1
github.com/JailtonJunior94/ai-spec-harness/internal/parity/parity.go:145.3,147.88 3 1
github.com/JailtonJunior94/ai-spec-harness/internal/parity/parity.go:149.2,149.16 1 1
github.com/JailtonJunior94/ai-spec-harness/internal/parity/parity.go:153.66,155.29 2 0
github.com/JailtonJunior94/ai-spec-harness/internal/parity/parity.go:155.29,156.17 1 0
github.com/JailtonJunior94/ai-spec-harness/internal/parity/parity.go:156.17,158.4 1 0
github.com/JailtonJunior94/ai-spec-harness/internal/parity/parity.go:160.2,160.12 1 0
github.com/JailtonJunior94/ai-spec-harness/internal/parity/parity.go:164.66,166.29 2 0
github.com/JailtonJunior94/ai-spec-harness/internal/parity/parity.go:166.29,167.50 1 0
github.com/JailtonJunior94/ai-spec-harness/internal/parity/parity.go:167.50,169.4 1 0
github.com/JailtonJunior94/ai-spec-harness/internal/parity/parity.go:171.2,171.12 1 0
github.com/JailtonJunior94/ai-spec-harness/internal/parity/parity.go:178.129,185.93 6 1
github.com/JailtonJunior94/ai-spec-harness/internal/parity/parity.go:185.93,187.3 1 0
github.com/JailtonJunior94/ai-spec-harness/internal/parity/parity.go:189.2,190.26 2 1
github.com/JailtonJunior94/ai-spec-harness/internal/parity/parity.go:190.26,192.3 1 1
github.com/JailtonJunior94/ai-spec-harness/internal/parity/parity.go:195.2,195.32 1 1
github.com/JailtonJunior94/ai-spec-harness/internal/parity/parity.go:195.32,204.33 2 1
github.com/JailtonJunior94/ai-spec-harness/internal/parity/parity.go:204.33,206.4 1 1
github.com/JailtonJunior94/ai-spec-harness/internal/parity/parity.go:210.2,210.32 1 1
github.com/JailtonJunior94/ai-spec-harness/internal/parity/parity.go:210.32,212.3 1 1
github.com/JailtonJunior94/ai-spec-harness/internal/parity/parity.go:215.2,223.8 2 1
github.com/JailtonJunior94/ai-spec-harness/internal/parity/parity.go:227.46,271.2 1 1
github.com/JailtonJunior94/ai-spec-harness/internal/parity/parity.go:279.33,281.14 2 1
github.com/JailtonJunior94/ai-spec-harness/internal/parity/parity.go:281.14,283.4 1 0
github.com/JailtonJunior94/ai-spec-harness/internal/parity/parity.go:284.3,284.49 1 1
github.com/JailtonJunior94/ai-spec-harness/internal/parity/parity.go:284.49,286.4 1 0
github.com/JailtonJunior94/ai-spec-harness/internal/parity/parity.go:287.3,287.63 1 1
github.com/JailtonJunior94/ai-spec-harness/internal/parity/parity.go:287.63,289.4 1 0
github.com/JailtonJunior94/ai-spec-harness/internal/parity/parity.go:290.3,290.29 1 1
github.com/JailtonJunior94/ai-spec-harness/internal/parity/parity.go:298.33,299.65 1 1
github.com/JailtonJunior94/ai-spec-harness/internal/parity/parity.go:299.65,301.4 1 0
github.com/JailtonJunior94/ai-spec-harness/internal/parity/parity.go:302.3,302.29 1 1
github.com/JailtonJunior94/ai-spec-harness/internal/parity/parity.go:310.33,311.70 1 1
github.com/JailtonJunior94/ai-spec-harness/internal/parity/parity.go:311.70,313.4 1 0
github.com/JailtonJunior94/ai-spec-harness/internal/parity/parity.go:314.3,314.29 1 1
github.com/JailtonJunior94/ai-spec-harness/internal/parity/parity.go:322.33,323.64 1 1
github.com/JailtonJunior94/ai-spec-harness/internal/parity/parity.go:323.64,325.4 1 0
github.com/JailtonJunior94/ai-spec-harness/internal/parity/parity.go:326.3,326.29 1 1
github.com/JailtonJunior94/ai-spec-harness/internal/parity/parity.go:337.33,339.14 2 1
github.com/JailtonJunior94/ai-spec-harness/internal/parity/parity.go:339.14,341.4 1 0
github.com/JailtonJunior94/ai-spec-harness/internal/parity/parity.go:342.3,342.40 1 1
github.com/JailtonJunior94/ai-spec-harness/internal/parity/parity.go:342.40,344.4 1 0
github.com/JailtonJunior94/ai-spec-harness/internal/parity/parity.go:345.3,345.29 1 1
github.com/JailtonJunior94/ai-spec-harness/internal/parity/parity.go:354.33,355.64 1 1
github.com/JailtonJunior94/ai-spec-harness/internal/parity/parity.go:355.64,357.4 1 0
github.com/JailtonJunior94/ai-spec-harness/internal/parity/parity.go:358.3,358.29 1 1
github.com/JailtonJunior94/ai-spec-harness/internal/parity/parity.go:369.33,371.14 2 1
github.com/JailtonJunior94/ai-spec-harness/internal/parity/parity.go:371.14,373.4 1 0
github.com/JailtonJunior94/ai-spec-harness/internal/parity/parity.go:374.3,374.40 1 1
github.com/JailtonJunior94/ai-spec-harness/internal/parity/parity.go:374.40,376.4 1 0
github.com/JailtonJunior94/ai-spec-harness/internal/parity/parity.go:377.3,377.29 1 1
github.com/JailtonJunior94/ai-spec-harness/internal/parity/parity.go:386.33,388.66 2 1
github.com/JailtonJunior94/ai-spec-harness/internal/parity/parity.go:388.66,390.4 1 1
github.com/JailtonJunior94/ai-spec-harness/internal/parity/parity.go:391.3,391.68 1 1
github.com/JailtonJunior94/ai-spec-harness/internal/parity/parity.go:391.68,393.4 1 0
github.com/JailtonJunior94/ai-spec-harness/internal/parity/parity.go:394.3,394.29 1 1
github.com/JailtonJunior94/ai-spec-harness/internal/parity/parity.go:405.33,407.14 2 1
github.com/JailtonJunior94/ai-spec-harness/internal/parity/parity.go:407.14,409.4 1 0
github.com/JailtonJunior94/ai-spec-harness/internal/parity/parity.go:410.3,410.40 1 1
github.com/JailtonJunior94/ai-spec-harness/internal/parity/parity.go:410.40,412.4 1 0
github.com/JailtonJunior94/ai-spec-harness/internal/parity/parity.go:413.3,413.29 1 1
github.com/JailtonJunior94/ai-spec-harness/internal/parity/parity.go:422.33,424.67 2 1
github.com/JailtonJunior94/ai-spec-harness/internal/parity/parity.go:424.67,426.4 1 0
github.com/JailtonJunior94/ai-spec-harness/internal/parity/parity.go:427.3,427.60 1 1
github.com/JailtonJunior94/ai-spec-harness/internal/parity/parity.go:427.60,429.4 1 0
github.com/JailtonJunior94/ai-spec-harness/internal/parity/parity.go:430.3,430.29 1 1
github.com/JailtonJunior94/ai-spec-harness/internal/parity/parity.go:441.33,443.14 2 1
github.com/JailtonJunior94/ai-spec-harness/internal/parity/parity.go:443.14,445.4 1 0
github.com/JailtonJunior94/ai-spec-harness/internal/parity/parity.go:446.3,446.47 1 1
github.com/JailtonJunior94/ai-spec-harness/internal/parity/parity.go:446.47,448.4 1 0
github.com/JailtonJunior94/ai-spec-harness/internal/parity/parity.go:449.3,449.29 1 1
github.com/JailtonJunior94/ai-spec-harness/internal/parity/parity.go:458.33,459.73 1 1
github.com/JailtonJunior94/ai-spec-harness/internal/parity/parity.go:459.73,461.4 1 0
github.com/JailtonJunior94/ai-spec-harness/internal/parity/parity.go:462.3,462.29 1 1
github.com/JailtonJunior94/ai-spec-harness/internal/parity/parity.go:475.33,482.32 2 1
github.com/JailtonJunior94/ai-spec-harness/internal/parity/parity.go:482.32,484.11 2 1
github.com/JailtonJunior94/ai-spec-harness/internal/parity/parity.go:484.11,485.13 1 0
github.com/JailtonJunior94/ai-spec-harness/internal/parity/parity.go:487.4,488.21 2 1
github.com/JailtonJunior94/ai-spec-harness/internal/parity/parity.go:488.21,490.5 1 1
github.com/JailtonJunior94/ai-spec-harness/internal/parity/parity.go:491.4,491.53 1 1
github.com/JailtonJunior94/ai-spec-harness/internal/parity/parity.go:491.53,493.5 1 1
github.com/JailtonJunior94/ai-spec-harness/internal/parity/parity.go:495.3,495.29 1 1
github.com/JailtonJunior94/ai-spec-harness/internal/parity/parity.go:506.33,507.59 1 1
github.com/JailtonJunior94/ai-spec-harness/internal/parity/parity.go:507.59,509.4 1 1
github.com/JailtonJunior94/ai-spec-harness/internal/parity/parity.go:510.3,510.29 1 1
github.com/JailtonJunior94/ai-spec-harness/internal/parity/parity.go:519.33,520.56 1 1
github.com/JailtonJunior94/ai-spec-harness/internal/parity/parity.go:520.56,522.4 1 1
github.com/JailtonJunior94/ai-spec-harness/internal/parity/parity.go:523.3,523.29 1 1
github.com/JailtonJunior94/ai-spec-harness/internal/parity/parity.go:532.33,533.50 1 1
github.com/JailtonJunior94/ai-spec-harness/internal/parity/parity.go:533.50,535.4 1 1
github.com/JailtonJunior94/ai-spec-harness/internal/parity/parity.go:536.3,536.29 1 1
github.com/JailtonJunior94/ai-spec-harness/internal/parity/parity.go:545.33,546.64 1 1
github.com/JailtonJunior94/ai-spec-harness/internal/parity/parity.go:546.64,548.4 1 1
github.com/JailtonJunior94/ai-spec-harness/internal/parity/parity.go:549.3,549.29 1 1
github.com/JailtonJunior94/ai-spec-harness/internal/parity/parity.go:558.33,559.66 1 1
github.com/JailtonJunior94/ai-spec-harness/internal/parity/parity.go:559.66,561.4 1 1
github.com/JailtonJunior94/ai-spec-harness/internal/parity/parity.go:562.3,562.29 1 1
github.com/JailtonJunior94/ai-spec-harness/internal/parity/parity.go:571.33,572.68 1 1
github.com/JailtonJunior94/ai-spec-harness/internal/parity/parity.go:572.68,574.4 1 1
github.com/JailtonJunior94/ai-spec-harness/internal/parity/parity.go:575.3,575.29 1 1
github.com/JailtonJunior94/ai-spec-harness/internal/parity/parity.go:586.33,587.56 1 1
github.com/JailtonJunior94/ai-spec-harness/internal/parity/parity.go:587.56,589.4 1 1
github.com/JailtonJunior94/ai-spec-harness/internal/parity/parity.go:590.3,590.29 1 1
github.com/JailtonJunior94/ai-spec-harness/internal/parity/parity.go:603.33,604.60 1 1
[...]
github.com/JailtonJunior94/ai-spec-harness/internal/taskloop/taskloop.go:214.2,215.23 2 1
github.com/JailtonJunior94/ai-spec-harness/internal/taskloop/taskloop.go:215.23,217.3 1 0
github.com/JailtonJunior94/ai-spec-harness/internal/taskloop/taskloop.go:218.2,219.18 2 1
github.com/JailtonJunior94/ai-spec-harness/internal/taskloop/taskloop.go:219.18,221.3 1 0
github.com/JailtonJunior94/ai-spec-harness/internal/taskloop/taskloop.go:223.2,232.16 2 1
github.com/JailtonJunior94/ai-spec-harness/internal/taskloop/taskloop.go:232.16,234.3 1 0
github.com/JailtonJunior94/ai-spec-harness/internal/taskloop/taskloop.go:236.2,237.52 2 1
github.com/JailtonJunior94/ai-spec-harness/internal/taskloop/taskloop.go:237.52,239.3 1 1
github.com/JailtonJunior94/ai-spec-harness/internal/taskloop/taskloop.go:240.2,240.44 1 1
github.com/JailtonJunior94/ai-spec-harness/internal/taskloop/taskloop.go:244.47,246.16 2 1
github.com/JailtonJunior94/ai-spec-harness/internal/taskloop/taskloop.go:246.16,248.3 1 0
github.com/JailtonJunior94/ai-spec-harness/internal/taskloop/taskloop.go:251.2,251.73 1 1
github.com/JailtonJunior94/ai-spec-harness/internal/taskloop/taskloop.go:251.73,253.27 2 1
github.com/JailtonJunior94/ai-spec-harness/internal/taskloop/taskloop.go:253.27,255.4 1 0
github.com/JailtonJunior94/ai-spec-harness/internal/taskloop/taskloop.go:260.2,262.26 3 1
github.com/JailtonJunior94/ai-spec-harness/internal/taskloop/taskloop.go:262.26,264.19 2 1
github.com/JailtonJunior94/ai-spec-harness/internal/taskloop/taskloop.go:264.19,266.4 1 0
github.com/JailtonJunior94/ai-spec-harness/internal/taskloop/taskloop.go:267.3,272.22 6 1
github.com/JailtonJunior94/ai-spec-harness/internal/taskloop/taskloop.go:272.22,274.4 1 1
github.com/JailtonJunior94/ai-spec-harness/internal/taskloop/taskloop.go:275.3,278.27 2 1
github.com/JailtonJunior94/ai-spec-harness/internal/taskloop/taskloop.go:278.27,281.25 3 1
github.com/JailtonJunior94/ai-spec-harness/internal/taskloop/taskloop.go:281.25,283.5 1 0
github.com/JailtonJunior94/ai-spec-harness/internal/taskloop/taskloop.go:284.4,284.32 1 1
github.com/JailtonJunior94/ai-spec-harness/internal/taskloop/taskloop.go:287.3,287.53 1 1
github.com/JailtonJunior94/ai-spec-harness/internal/taskloop/taskloop.go:287.53,289.4 1 1
github.com/JailtonJunior94/ai-spec-harness/internal/taskloop/taskloop.go:293.2,293.26 1 1
github.com/JailtonJunior94/ai-spec-harness/internal/taskloop/taskloop.go:293.26,295.36 2 1
github.com/JailtonJunior94/ai-spec-harness/internal/taskloop/taskloop.go:295.36,298.4 2 1
github.com/JailtonJunior94/ai-spec-harness/internal/taskloop/taskloop.go:299.3,299.32 1 1
github.com/JailtonJunior94/ai-spec-harness/internal/taskloop/taskloop.go:303.2,303.53 1 1
github.com/JailtonJunior94/ai-spec-harness/internal/taskloop/taskloop.go:303.53,307.21 3 1
github.com/JailtonJunior94/ai-spec-harness/internal/taskloop/taskloop.go:307.21,308.31 1 1
github.com/JailtonJunior94/ai-spec-harness/internal/taskloop/taskloop.go:308.31,310.5 1 1
github.com/JailtonJunior94/ai-spec-harness/internal/taskloop/taskloop.go:311.4,312.20 2 1
github.com/JailtonJunior94/ai-spec-harness/internal/taskloop/taskloop.go:312.20,314.5 1 1
github.com/JailtonJunior94/ai-spec-harness/internal/taskloop/taskloop.go:315.4,316.41 2 1
github.com/JailtonJunior94/ai-spec-harness/internal/taskloop/taskloop.go:319.3,319.36 1 1
github.com/JailtonJunior94/ai-spec-harness/internal/taskloop/taskloop.go:319.36,321.21 2 1
github.com/JailtonJunior94/ai-spec-harness/internal/taskloop/taskloop.go:321.21,322.32 1 1
github.com/JailtonJunior94/ai-spec-harness/internal/taskloop/taskloop.go:322.32,324.6 1 0
github.com/JailtonJunior94/ai-spec-harness/internal/taskloop/taskloop.go:325.5,326.21 2 1
github.com/JailtonJunior94/ai-spec-harness/internal/taskloop/taskloop.go:326.21,328.6 1 0
github.com/JailtonJunior94/ai-spec-harness/internal/taskloop/taskloop.go:329.5,330.42 2 1
github.com/JailtonJunior94/ai-spec-harness/internal/taskloop/taskloop.go:336.2,337.26 2 1
github.com/JailtonJunior94/ai-spec-harness/internal/taskloop/taskloop.go:337.26,339.3 1 1
github.com/JailtonJunior94/ai-spec-harness/internal/taskloop/taskloop.go:342.2,343.27 2 1
github.com/JailtonJunior94/ai-spec-harness/internal/taskloop/taskloop.go:343.27,344.33 1 1
github.com/JailtonJunior94/ai-spec-harness/internal/taskloop/taskloop.go:344.33,346.4 1 1
github.com/JailtonJunior94/ai-spec-harness/internal/taskloop/taskloop.go:346.9,351.20 2 0
github.com/JailtonJunior94/ai-spec-harness/internal/taskloop/taskloop.go:351.20,353.5 1 0
github.com/JailtonJunior94/ai-spec-harness/internal/taskloop/taskloop.go:355.4,369.5 4 0
github.com/JailtonJunior94/ai-spec-harness/internal/taskloop/taskloop.go:371.8,374.24 3 1
github.com/JailtonJunior94/ai-spec-harness/internal/taskloop/taskloop.go:374.24,376.4 1 0
github.com/JailtonJunior94/ai-spec-harness/internal/taskloop/taskloop.go:379.2,379.18 1 1
github.com/JailtonJunior94/ai-spec-harness/internal/taskloop/taskloop.go:379.18,381.21 2 1
github.com/JailtonJunior94/ai-spec-harness/internal/taskloop/taskloop.go:381.21,383.4 1 0
github.com/JailtonJunior94/ai-spec-harness/internal/taskloop/taskloop.go:384.3,384.28 1 1
github.com/JailtonJunior94/ai-spec-harness/internal/taskloop/taskloop.go:384.28,385.43 1 1
github.com/JailtonJunior94/ai-spec-harness/internal/taskloop/taskloop.go:385.43,387.5 1 0
github.com/JailtonJunior94/ai-spec-harness/internal/taskloop/taskloop.go:393.3,393.31 1 1
github.com/JailtonJunior94/ai-spec-harness/internal/taskloop/taskloop.go:393.31,394.57 1 1
github.com/JailtonJunior94/ai-spec-harness/internal/taskloop/taskloop.go:394.57,396.5 1 0
github.com/JailtonJunior94/ai-spec-harness/internal/taskloop/taskloop.go:401.3,401.47 1 1
github.com/JailtonJunior94/ai-spec-harness/internal/taskloop/taskloop.go:401.47,403.22 2 0
github.com/JailtonJunior94/ai-spec-harness/internal/taskloop/taskloop.go:403.22,405.5 1 0
github.com/JailtonJunior94/ai-spec-harness/internal/taskloop/taskloop.go:406.4,406.29 1 0
github.com/JailtonJunior94/ai-spec-harness/internal/taskloop/taskloop.go:411.2,412.16 2 1
github.com/JailtonJunior94/ai-spec-harness/internal/taskloop/taskloop.go:412.16,414.3 1 0
github.com/JailtonJunior94/ai-spec-harness/internal/taskloop/taskloop.go:417.2,422.26 2 1
github.com/JailtonJunior94/ai-spec-harness/internal/taskloop/taskloop.go:422.26,426.36 4 1
github.com/JailtonJunior94/ai-spec-harness/internal/taskloop/taskloop.go:426.36,429.4 2 1
github.com/JailtonJunior94/ai-spec-harness/internal/taskloop/taskloop.go:430.8,432.3 1 1
github.com/JailtonJunior94/ai-spec-harness/internal/taskloop/taskloop.go:434.2,438.29 4 1
github.com/JailtonJunior94/ai-spec-harness/internal/taskloop/taskloop.go:438.29,440.3 1 1
github.com/JailtonJunior94/ai-spec-harness/internal/taskloop/taskloop.go:441.2,445.41 2 1
github.com/JailtonJunior94/ai-spec-harness/internal/taskloop/taskloop.go:445.41,447.3 1 1
github.com/JailtonJunior94/ai-spec-harness/internal/taskloop/taskloop.go:449.2,449.64 1 1
github.com/JailtonJunior94/ai-spec-harness/internal/taskloop/taskloop.go:449.64,452.17 2 1
github.com/JailtonJunior94/ai-spec-harness/internal/taskloop/taskloop.go:452.17,454.4 1 0
github.com/JailtonJunior94/ai-spec-harness/internal/taskloop/taskloop.go:456.3,457.17 2 1
github.com/JailtonJunior94/ai-spec-harness/internal/taskloop/taskloop.go:457.17,459.4 1 0
github.com/JailtonJunior94/ai-spec-harness/internal/taskloop/taskloop.go:460.3,463.25 3 1
github.com/JailtonJunior94/ai-spec-harness/internal/taskloop/taskloop.go:463.25,464.39 1 1
github.com/JailtonJunior94/ai-spec-harness/internal/taskloop/taskloop.go:464.39,466.5 1 1
github.com/JailtonJunior94/ai-spec-harness/internal/taskloop/taskloop.go:466.10,468.5 1 1
github.com/JailtonJunior94/ai-spec-harness/internal/taskloop/taskloop.go:469.4,470.9 2 1
github.com/JailtonJunior94/ai-spec-harness/internal/taskloop/taskloop.go:473.3,478.17 4 1
github.com/JailtonJunior94/ai-spec-harness/internal/taskloop/taskloop.go:478.17,490.12 4 0
github.com/JailtonJunior94/ai-spec-harness/internal/taskloop/taskloop.go:494.3,495.84 2 1
github.com/JailtonJunior94/ai-spec-harness/internal/taskloop/taskloop.go:495.84,497.4 1 1
github.com/JailtonJunior94/ai-spec-harness/internal/taskloop/taskloop.go:500.3,501.24 2 1
github.com/JailtonJunior94/ai-spec-harness/internal/taskloop/taskloop.go:501.24,503.4 1 0
github.com/JailtonJunior94/ai-spec-harness/internal/taskloop/taskloop.go:504.3,505.19 2 1
github.com/JailtonJunior94/ai-spec-harness/internal/taskloop/taskloop.go:505.19,507.4 1 0
github.com/JailtonJunior94/ai-spec-harness/internal/taskloop/taskloop.go:509.3,514.18 4 1
github.com/JailtonJunior94/ai-spec-harness/internal/taskloop/taskloop.go:514.18,515.28 1 1
github.com/JailtonJunior94/ai-spec-harness/internal/taskloop/taskloop.go:515.28,517.38 1 1
github.com/JailtonJunior94/ai-spec-harness/internal/taskloop/taskloop.go:517.38,519.6 1 1
github.com/JailtonJunior94/ai-spec-harness/internal/taskloop/taskloop.go:519.11,521.6 1 1
github.com/JailtonJunior94/ai-spec-harness/internal/taskloop/taskloop.go:522.10,527.5 3 1
github.com/JailtonJunior94/ai-spec-harness/internal/taskloop/taskloop.go:528.4,538.12 3 1
github.com/JailtonJunior94/ai-spec-harness/internal/taskloop/taskloop.go:542.3,543.27 2 1
github.com/JailtonJunior94/ai-spec-harness/internal/taskloop/taskloop.go:543.27,545.4 1 1
github.com/JailtonJunior94/ai-spec-harness/internal/taskloop/taskloop.go:547.3,548.17 2 1
github.com/JailtonJunior94/ai-spec-harness/internal/taskloop/taskloop.go:548.17,550.4 1 0
github.com/JailtonJunior94/ai-spec-harness/internal/taskloop/taskloop.go:553.3,560.26 7 1
github.com/JailtonJunior94/ai-spec-harness/internal/taskloop/taskloop.go:560.26,561.113 1 1
github.com/JailtonJunior94/ai-spec-harness/internal/taskloop/taskloop.go:561.113,563.5 1 0
github.com/JailtonJunior94/ai-spec-harness/internal/taskloop/taskloop.go:567.3,568.84 2 1
github.com/JailtonJunior94/ai-spec-harness/internal/taskloop/taskloop.go:568.84,570.4 1 1
github.com/JailtonJunior94/ai-spec-harness/internal/taskloop/taskloop.go:576.3,576.30 1 1
github.com/JailtonJunior94/ai-spec-harness/internal/taskloop/taskloop.go:576.30,577.104 1 1
github.com/JailtonJunior94/ai-spec-harness/internal/taskloop/taskloop.go:577.104,578.95 1 1
github.com/JailtonJunior94/ai-spec-harness/internal/taskloop/taskloop.go:578.95,579.38 1 1
github.com/JailtonJunior94/ai-spec-harness/internal/taskloop/taskloop.go:579.38,580.46 1 1
github.com/JailtonJunior94/ai-spec-harness/internal/taskloop/taskloop.go:580.46,582.13 2 1
github.com/JailtonJunior94/ai-spec-harness/internal/taskloop/taskloop.go:589.3,601.26 2 1
github.com/JailtonJunior94/ai-spec-harness/internal/taskloop/taskloop.go:601.26,606.89 5 1
github.com/JailtonJunior94/ai-spec-harness/internal/taskloop/taskloop.go:606.89,607.76 1 1
github.com/JailtonJunior94/ai-spec-harness/internal/taskloop/taskloop.go:607.76,609.6 1 1
github.com/JailtonJunior94/ai-spec-harness/internal/taskloop/taskloop.go:611.4,611.9 1 1
github.com/JailtonJunior94/ai-spec-harness/internal/taskloop/taskloop.go:614.3,616.20 2 1
github.com/JailtonJunior94/ai-spec-harness/internal/taskloop/taskloop.go:616.20,623.9 7 1
github.com/JailtonJunior94/ai-spec-harness/internal/taskloop/taskloop.go:626.3,626.25 1 1
github.com/JailtonJunior94/ai-spec-harness/internal/taskloop/taskloop.go:626.25,628.4 1 1
github.com/JailtonJunior94/ai-spec-harness/internal/taskloop/taskloop.go:630.3,630.23 1 1
github.com/JailtonJunior94/ai-spec-harness/internal/taskloop/taskloop.go:630.23,631.87 1 1
github.com/JailtonJunior94/ai-spec-harness/internal/taskloop/taskloop.go:631.87,633.5 1 1
github.com/JailtonJunior94/ai-spec-harness/internal/taskloop/taskloop.go:634.4,634.60 1 1
github.com/JailtonJunior94/ai-spec-harness/internal/taskloop/taskloop.go:635.9,635.27 1 1
github.com/JailtonJunior94/ai-spec-harness/internal/taskloop/taskloop.go:635.27,638.54 1 1
github.com/JailtonJunior94/ai-spec-harness/internal/taskloop/taskloop.go:638.54,641.5 1 1
github.com/JailtonJunior94/ai-spec-harness/internal/taskloop/taskloop.go:642.4,642.20 1 1
github.com/JailtonJunior94/ai-spec-harness/internal/taskloop/taskloop.go:642.20,644.5 1 1
github.com/JailtonJunior94/ai-spec-harness/internal/taskloop/taskloop.go:647.3,647.19 1 1
github.com/JailtonJunior94/ai-spec-harness/internal/taskloop/taskloop.go:647.19,649.4 1 1
github.com/JailtonJunior94/ai-spec-harness/internal/taskloop/taskloop.go:657.3,657.83 1 1
github.com/JailtonJunior94/ai-spec-harness/internal/taskloop/taskloop.go:657.83,659.18 2 1
github.com/JailtonJunior94/ai-spec-harness/internal/taskloop/taskloop.go:659.18,661.5 1 0
github.com/JailtonJunior94/ai-spec-harness/internal/taskloop/taskloop.go:662.4,664.33 3 1
github.com/JailtonJunior94/ai-spec-harness/internal/taskloop/taskloop.go:664.33,665.120 1 1
github.com/JailtonJunior94/ai-spec-harness/internal/taskloop/taskloop.go:665.120,667.6 1 0
github.com/JailtonJunior94/ai-spec-harness/internal/taskloop/taskloop.go:668.5,668.39 1 1
github.com/JailtonJunior94/ai-spec-harness/internal/taskloop/taskloop.go:668.39,670.6 1 0
github.com/JailtonJunior94/ai-spec-harness/internal/taskloop/taskloop.go:671.5,676.90 5 1
github.com/JailtonJunior94/ai-spec-harness/internal/taskloop/taskloop.go:676.90,677.77 1 1
github.com/JailtonJunior94/ai-spec-harness/internal/taskloop/taskloop.go:677.77,679.7 1 1
github.com/JailtonJunior94/ai-spec-harness/internal/taskloop/taskloop.go:681.5,681.10 1 1
github.com/JailtonJunior94/ai-spec-harness/internal/taskloop/taskloop.go:689.3,689.78 1 1
github.com/JailtonJunior94/ai-spec-harness/internal/taskloop/taskloop.go:689.78,691.24 2 1
github.com/JailtonJunior94/ai-spec-harness/internal/taskloop/taskloop.go:691.24,693.5 1 0
github.com/JailtonJunior94/ai-spec-harness/internal/taskloop/taskloop.go:695.4,699.33 4 1
github.com/JailtonJunior94/ai-spec-harness/internal/taskloop/taskloop.go:699.33,700.120 1 0
github.com/JailtonJunior94/ai-spec-harness/internal/taskloop/taskloop.go:700.120,702.6 1 0
github.com/JailtonJunior94/ai-spec-harness/internal/taskloop/taskloop.go:703.5,703.39 1 0
github.com/JailtonJunior94/ai-spec-harness/internal/taskloop/taskloop.go:703.39,705.6 1 0
github.com/JailtonJunior94/ai-spec-harness/internal/taskloop/taskloop.go:706.5,711.90 5 0
github.com/JailtonJunior94/ai-spec-harness/internal/taskloop/taskloop.go:711.90,712.77 1 0
github.com/JailtonJunior94/ai-spec-harness/internal/taskloop/taskloop.go:712.77,714.7 1 0
github.com/JailtonJunior94/ai-spec-harness/internal/taskloop/taskloop.go:716.5,716.10 1 0
github.com/JailtonJunior94/ai-spec-harness/internal/taskloop/taskloop.go:720.3,723.60 2 1
github.com/JailtonJunior94/ai-spec-harness/internal/taskloop/taskloop.go:726.2,726.90 1 1
github.com/JailtonJunior94/ai-spec-harness/internal/taskloop/taskloop.go:726.90,729.88 2 1
github.com/JailtonJunior94/ai-spec-harness/internal/taskloop/taskloop.go:729.88,730.70 1 1
github.com/JailtonJunior94/ai-spec-harness/internal/taskloop/taskloop.go:730.70,732.5 1 1
github.com/JailtonJunior94/ai-spec-harness/internal/taskloop/taskloop.go:736.2,740.73 3 1
github.com/JailtonJunior94/ai-spec-harness/internal/taskloop/taskloop.go:740.73,742.3 1 0
github.com/JailtonJunior94/ai-spec-harness/internal/taskloop/taskloop.go:744.2,747.12 3 1
github.com/JailtonJunior94/ai-spec-harness/internal/taskloop/taskloop.go:754.137,759.16 2 1
github.com/JailtonJunior94/ai-spec-harness/internal/taskloop/taskloop.go:759.16,763.3 1 0
github.com/JailtonJunior94/ai-spec-harness/internal/taskloop/taskloop.go:765.2,779.22 3 1
github.com/JailtonJunior94/ai-spec-harness/internal/taskloop/taskloop.go:779.22,783.3 1 0
github.com/JailtonJunior94/ai-spec-harness/internal/taskloop/taskloop.go:785.2,801.17 7 1
github.com/JailtonJunior94/ai-spec-harness/internal/taskloop/taskloop.go:801.17,803.3 1 0
github.com/JailtonJunior94/ai-spec-harness/internal/taskloop/taskloop.go:803.8,803.27 1 1
github.com/JailtonJunior94/ai-spec-harness/internal/taskloop/taskloop.go:803.27,805.3 1 1
github.com/JailtonJunior94/ai-spec-harness/internal/taskloop/taskloop.go:807.2,807.21 1 1
github.com/JailtonJunior94/ai-spec-harness/internal/taskloop/taskloop.go:813.119,815.26 2 1
github.com/JailtonJunior94/ai-spec-harness/internal/taskloop/taskloop.go:815.26,817.3 1 1
github.com/JailtonJunior94/ai-spec-harness/internal/taskloop/taskloop.go:819.2,820.16 2 1
github.com/JailtonJunior94/ai-spec-harness/internal/taskloop/taskloop.go:820.16,824.3 1 0
github.com/JailtonJunior94/ai-spec-harness/internal/taskloop/taskloop.go:826.2,834.22 2 1
github.com/JailtonJunior94/ai-spec-harness/internal/taskloop/taskloop.go:834.22,838.3 1 0
github.com/JailtonJunior94/ai-spec-harness/internal/taskloop/taskloop.go:840.2,841.26 2 1
github.com/JailtonJunior94/ai-spec-harness/internal/taskloop/taskloop.go:841.26,843.3 1 1
github.com/JailtonJunior94/ai-spec-harness/internal/taskloop/taskloop.go:845.2,858.17 8 1
github.com/JailtonJunior94/ai-spec-harness/internal/taskloop/taskloop.go:858.17,860.3 1 1
github.com/JailtonJunior94/ai-spec-harness/internal/taskloop/taskloop.go:860.8,860.27 1 1
github.com/JailtonJunior94/ai-spec-harness/internal/taskloop/taskloop.go:860.27,862.3 1 1
github.com/JailtonJunior94/ai-spec-harness/internal/taskloop/taskloop.go:864.2,864.21 1 1
github.com/JailtonJunior94/ai-spec-harness/internal/taskloop/taskloop.go:891.20,894.22 2 1
github.com/JailtonJunior94/ai-spec-harness/internal/taskloop/taskloop.go:894.22,897.3 2 1
github.com/JailtonJunior94/ai-spec-harness/internal/taskloop/taskloop.go:897.8,897.26 1 1
github.com/JailtonJunior94/ai-spec-harness/internal/taskloop/taskloop.go:897.26,899.41 2 1
github.com/JailtonJunior94/ai-spec-harness/internal/taskloop/taskloop.go:899.41,901.4 1 1
github.com/JailtonJunior94/ai-spec-harness/internal/taskloop/taskloop.go:902.3,902.68 1 1
github.com/JailtonJunior94/ai-spec-harness/internal/taskloop/taskloop.go:906.2,906.46 1 1
github.com/JailtonJunior94/ai-spec-harness/internal/taskloop/taskloop.go:906.46,908.3 1 1
github.com/JailtonJunior94/ai-spec-harness/internal/taskloop/taskloop.go:911.2,911.29 1 1
github.com/JailtonJunior94/ai-spec-harness/internal/taskloop/taskloop.go:911.29,914.3 2 1
github.com/JailtonJunior94/ai-spec-harness/internal/taskloop/taskloop.go:917.2,917.86 1 1
github.com/JailtonJunior94/ai-spec-harness/internal/taskloop/taskloop.go:917.86,919.3 1 1
github.com/JailtonJunior94/ai-spec-harness/internal/taskloop/taskloop.go:921.2,921.16 1 1
github.com/JailtonJunior94/ai-spec-harness/internal/taskloop/taskloop.go:939.58,940.43 1 1
github.com/JailtonJunior94/ai-spec-harness/internal/taskloop/taskloop.go:940.43,942.3 1 1
github.com/JailtonJunior94/ai-spec-harness/internal/taskloop/taskloop.go:943.2,943.36 1 1
github.com/JailtonJunior94/ai-spec-harness/internal/taskloop/taskloop.go:948.88,950.16 2 1
github.com/JailtonJunior94/ai-spec-harness/internal/taskloop/taskloop.go:950.16,952.3 1 0
github.com/JailtonJunior94/ai-spec-harness/internal/taskloop/taskloop.go:953.2,953.6 1 1
github.com/JailtonJunior94/ai-spec-harness/internal/taskloop/taskloop.go:953.6,954.66 1 1
github.com/JailtonJunior94/ai-spec-harness/internal/taskloop/taskloop.go:954.66,956.31 2 1
github.com/JailtonJunior94/ai-spec-harness/internal/taskloop/taskloop.go:956.31,958.5 1 1
github.com/JailtonJunior94/ai-spec-harness/internal/taskloop/taskloop.go:960.3,961.20 2 1
github.com/JailtonJunior94/ai-spec-harness/internal/taskloop/taskloop.go:961.20,963.4 1 1
github.com/JailtonJunior94/ai-spec-harness/internal/taskloop/taskloop.go:964.3,964.15 1 1
github.com/JailtonJunior94/ai-spec-harness/internal/taskloop/taskloop.go:968.57,969.22 1 1
github.com/JailtonJunior94/ai-spec-harness/internal/taskloop/taskloop.go:969.22,971.3 1 1
github.com/JailtonJunior94/ai-spec-harness/internal/taskloop/taskloop.go:972.2,972.27 1 0
github.com/JailtonJunior94/ai-spec-harness/internal/taskloop/taskloop.go:975.64,976.20 1 1
github.com/JailtonJunior94/ai-spec-harness/internal/taskloop/taskloop.go:976.20,978.3 1 1
github.com/JailtonJunior94/ai-spec-harness/internal/taskloop/taskloop.go:979.2,979.35 1 1
